<?xml version="1.0" encoding="UTF-8"?>
<robot generator="Robot 7.0 (Python 3.12.1 on win32)" generated="2024-02-11T12:06:41.612914" rpa="false" schemaversion="5">
<suite id="s1" name="Empresa testes" source="C:\Users\caiojo\Desktop\Estudos\IQS\IQS Teste_Automatizado_Front\Empresa_testes.robot">
<test id="s1-t1" name="teste" line="97">
<kw name="Run Keywords" owner="BuiltIn" type="SETUP">
<kw name="Open Browser" owner="SeleniumLibrary">
<msg time="2024-02-11T12:06:42.047390" level="INFO">Opening browser 'chrome' to base url 'http://sistemas.t2mlab.com:3006/'.</msg>
<arg>url=${URL}</arg>
<arg>browser=${BROWSER}</arg>
<doc>Opens a new browser instance to the optional ``url``.</doc>
<status status="PASS" start="2024-02-11T12:06:42.047390" elapsed="1.423781"/>
</kw>
<kw name="Maximize Browser Window" owner="SeleniumLibrary">
<doc>Maximizes current browser window.</doc>
<status status="PASS" start="2024-02-11T12:06:43.471171" elapsed="0.137119"/>
</kw>
<arg>Open Browser</arg>
<arg>url=${URL}</arg>
<arg>browser=${BROWSER}</arg>
<arg>AND</arg>
<arg>Maximize Browser Window</arg>
<doc>Executes all the given keywords in a sequence.</doc>
<status status="PASS" start="2024-02-11T12:06:42.047390" elapsed="1.560900"/>
</kw>
<kw name="Gerar nome da empresa">
<kw name="Get Current Date" owner="DateTime">
<msg time="2024-02-11T12:06:43.609292" level="INFO">${data} = 11/02/2024 12:06:43</msg>
<var>${data}</var>
<arg>result_format=%d/%m/%Y %H:%M:%S</arg>
<doc>Returns current local or UTC time with an optional increment.</doc>
<status status="PASS" start="2024-02-11T12:06:43.609292" elapsed="0.000000"/>
</kw>
<kw name="Set Variable" owner="BuiltIn">
<msg time="2024-02-11T12:06:43.609292" level="INFO">${NOMEEMPRESA} = Empresa 11/02/2024 12:06:43</msg>
<var>${NOMEEMPRESA}</var>
<arg>Empresa ${data}</arg>
<doc>Returns the given values which can then be assigned to a variables.</doc>
<status status="PASS" start="2024-02-11T12:06:43.609292" elapsed="0.000000"/>
</kw>
<kw name="Set Variable" owner="BuiltIn">
<msg time="2024-02-11T12:06:43.609292" level="INFO">${SETOREMPRESA} = Setor 11/02/2024 12:06:43</msg>
<var>${SETOREMPRESA}</var>
<arg>Setor ${data}</arg>
<doc>Returns the given values which can then be assigned to a variables.</doc>
<status status="PASS" start="2024-02-11T12:06:43.609292" elapsed="0.000000"/>
</kw>
<kw name="Cnpj" owner="FakerLibrary">
<msg time="2024-02-11T12:06:43.610292" level="INFO">${CNPJEMPRESA} = 72.019.486/0001-10</msg>
<var>${CNPJEMPRESA}</var>
<status status="PASS" start="2024-02-11T12:06:43.609292" elapsed="0.001000"/>
</kw>
<kw name="State" owner="FakerLibrary">
<msg time="2024-02-11T12:06:43.610292" level="INFO">${Estado} = Sergipe</msg>
<var>${Estado}</var>
<status status="PASS" start="2024-02-11T12:06:43.610292" elapsed="0.000000"/>
</kw>
<kw name="City" owner="FakerLibrary">
<msg time="2024-02-11T12:06:43.610292" level="INFO">${Cidade} = Barros Verde</msg>
<var>${Cidade}</var>
<doc>:example: 'Sashabury'</doc>
<status status="PASS" start="2024-02-11T12:06:43.610292" elapsed="0.000000"/>
</kw>
<kw name="Postcode" owner="FakerLibrary">
<msg time="2024-02-11T12:06:43.611293" level="INFO">${CEP} = 53251522</msg>
<var>${CEP}</var>
<doc>Randomly returns a postcode.
:param formatted: True to allow formatted postcodes, else False (default True)
:example formatted: '41224-212' '83992-291' '12324322'
:example raw: '43920231' '34239530'</doc>
<status status="PASS" start="2024-02-11T12:06:43.610292" elapsed="0.001001"/>
</kw>
<kw name="Set Variable" owner="BuiltIn">
<msg time="2024-02-11T12:06:43.611293" level="INFO">${ENDERECOEMPRESA} = Sergipe, Barros Verde - 53251522</msg>
<var>${ENDERECOEMPRESA}</var>
<arg>${Estado}, ${Cidade} - ${CEP}</arg>
<doc>Returns the given values which can then be assigned to a variables.</doc>
<status status="PASS" start="2024-02-11T12:06:43.611293" elapsed="0.000000"/>
</kw>
<kw name="Set Test Variable" owner="BuiltIn">
<msg time="2024-02-11T12:06:43.611293" level="INFO">${NOMEEMPRESA} = Empresa 11/02/2024 12:06:43</msg>
<arg>${NOMEEMPRESA}</arg>
<doc>Makes a variable available everywhere within the scope of the current test.</doc>
<status status="PASS" start="2024-02-11T12:06:43.611293" elapsed="0.000000"/>
</kw>
<kw name="Set Test Variable" owner="BuiltIn">
<msg time="2024-02-11T12:06:43.612292" level="INFO">${SETOREMPRESA} = Setor 11/02/2024 12:06:43</msg>
<arg>${SETOREMPRESA}</arg>
<doc>Makes a variable available everywhere within the scope of the current test.</doc>
<status status="PASS" start="2024-02-11T12:06:43.612292" elapsed="0.000000"/>
</kw>
<kw name="Set Test Variable" owner="BuiltIn">
<msg time="2024-02-11T12:06:43.612292" level="INFO">${CNPJEMPRESA} = 72.019.486/0001-10</msg>
<arg>${CNPJEMPRESA}</arg>
<doc>Makes a variable available everywhere within the scope of the current test.</doc>
<status status="PASS" start="2024-02-11T12:06:43.612292" elapsed="0.000000"/>
</kw>
<kw name="Set Test Variable" owner="BuiltIn">
<msg time="2024-02-11T12:06:43.612292" level="INFO">${ENDERECOEMPRESA} = Sergipe, Barros Verde - 53251522</msg>
<arg>${ENDERECOEMPRESA}</arg>
<doc>Makes a variable available everywhere within the scope of the current test.</doc>
<status status="PASS" start="2024-02-11T12:06:43.612292" elapsed="0.000000"/>
</kw>
<status status="PASS" start="2024-02-11T12:06:43.608290" elapsed="0.004002"/>
</kw>
<kw name="Log To Console" owner="BuiltIn">
<arg>${NOMEEMPRESA} ${SETOREMPRESA} ${CNPJEMPRESA} ${TELEEMPRESA} ${ENDERECOEMPRESA}</arg>
<doc>Logs the given message to the console.</doc>
<status status="PASS" start="2024-02-11T12:06:43.613290" elapsed="0.000000"/>
</kw>
<kw name="Close Browser" owner="SeleniumLibrary" type="TEARDOWN">
<doc>Closes the current browser.</doc>
<status status="PASS" start="2024-02-11T12:06:43.614290" elapsed="2.062531"/>
</kw>
<status status="PASS" start="2024-02-11T12:06:42.046389" elapsed="3.630432"/>
</test>
<status status="PASS" start="2024-02-11T12:06:41.613884" elapsed="4.064953"/>
</suite>
<statistics>
<total>
<stat pass="1" fail="0" skip="0">All Tests</stat>
</total>
<tag>
</tag>
<suite>
<stat pass="1" fail="0" skip="0" id="s1" name="Empresa testes">Empresa testes</stat>
</suite>
</statistics>
<errors>
</errors>
</robot>
