<?xml version="1.0" encoding="UTF-8"?>
<robot generator="Robot 7.0 (Python 3.12.1 on win32)" generated="2024-02-10T11:32:58.005668" rpa="false" schemaversion="5">
<suite id="s1" name="Colaborador testes" source="C:\Users\caiojo\Desktop\Estudos\IQS\IQS Teste_Automatizado_Front\Colaborador_testes.robot">
<test id="s1-t1" name="TC 13 Desvincular competencia do colaborador" line="119">
<kw name="Run Keywords" owner="BuiltIn" type="SETUP">
<kw name="Open Browser" owner="SeleniumLibrary">
<msg time="2024-02-10T11:32:58.139425" level="INFO">Opening browser 'chrome' to base url 'http://sistemas.t2mlab.com:3006/'.</msg>
<arg>url=${URL}</arg>
<arg>browser=${BROWSER}</arg>
<doc>Opens a new browser instance to the optional ``url``.</doc>
<status status="PASS" start="2024-02-10T11:32:58.139425" elapsed="1.755415"/>
</kw>
<kw name="Maximize Browser Window" owner="SeleniumLibrary">
<doc>Maximizes current browser window.</doc>
<status status="PASS" start="2024-02-10T11:32:59.894840" elapsed="0.135508"/>
</kw>
<arg>Open Browser</arg>
<arg>url=${URL}</arg>
<arg>browser=${BROWSER}</arg>
<arg>AND</arg>
<arg>Maximize Browser Window</arg>
<doc>Executes all the given keywords in a sequence.</doc>
<status status="PASS" start="2024-02-10T11:32:58.139425" elapsed="1.890923"/>
</kw>
<kw name="Realizar Login">
<kw name="Input Text" owner="SeleniumLibrary">
<msg time="2024-02-10T11:33:00.031347" level="INFO">Typing text 'SIFigueiredo' into text field 'xpath://input[@aria-label='Email']'.</msg>
<arg>${LOGIN_PAGE.EmailInput}</arg>
<arg>${GESTOR_VALIDO}</arg>
<doc>Types the given ``text`` into the text field identified by ``locator``.</doc>
<status status="PASS" start="2024-02-10T11:33:00.031347" elapsed="0.090459"/>
</kw>
<kw name="Input Text" owner="SeleniumLibrary">
<msg time="2024-02-10T11:33:00.122805" level="INFO">Typing text '123' into text field 'xpath://input[@aria-label='Senha']'.</msg>
<arg>${LOGIN_PAGE.SenhaInput}</arg>
<arg>${SENHA}</arg>
<doc>Types the given ``text`` into the text field identified by ``locator``.</doc>
<status status="PASS" start="2024-02-10T11:33:00.122805" elapsed="0.056480"/>
</kw>
<kw name="Click Element" owner="SeleniumLibrary">
<msg time="2024-02-10T11:33:00.180285" level="INFO">Clicking element 'xpath://button[@role='button']'.</msg>
<arg>${LOGIN_PAGE.BotãoLogin}</arg>
<doc>Click the element identified by ``locator``.</doc>
<status status="PASS" start="2024-02-10T11:33:00.179285" elapsed="0.040239"/>
</kw>
<kw name="Sleep" owner="BuiltIn">
<msg time="2024-02-10T11:33:01.220018" level="INFO">Slept 1 second.</msg>
<arg>1s</arg>
<doc>Pauses the test executed for the given time.</doc>
<status status="PASS" start="2024-02-10T11:33:00.219524" elapsed="1.000494"/>
</kw>
<kw name="Click Element" owner="SeleniumLibrary">
<msg time="2024-02-10T11:33:01.220018" level="INFO">Clicking element '//div[@class='container']/div[@class='row']/div[.='SCSistema de Competência']'.</msg>
<arg>${LOGIN_PAGE.BotãoCompetencia}</arg>
<doc>Click the element identified by ``locator``.</doc>
<status status="PASS" start="2024-02-10T11:33:01.220018" elapsed="0.038394"/>
</kw>
<status status="PASS" start="2024-02-10T11:33:00.030348" elapsed="1.228064"/>
</kw>
<kw name="Click Element" owner="SeleniumLibrary">
<msg time="2024-02-10T11:33:01.259412" level="INFO">Clicking element '//button[.='Colaborador']'.</msg>
<arg>//button[.='Colaborador']</arg>
<doc>Click the element identified by ``locator``.</doc>
<status status="PASS" start="2024-02-10T11:33:01.259412" elapsed="0.042455"/>
</kw>
<kw name="Wait Until Element Is Visible" owner="SeleniumLibrary">
<arg>//input[@class='form-control']</arg>
<doc>Waits until the element ``locator`` is visible.</doc>
<status status="PASS" start="2024-02-10T11:33:01.301867" elapsed="1.048518"/>
</kw>
<kw name="Input Text" owner="SeleniumLibrary">
<msg time="2024-02-10T11:33:02.351328" level="INFO">Typing text 'gestor' into text field '//input[@class='form-control']'.</msg>
<arg>//input[@class='form-control']</arg>
<arg>${COLABORADOR}</arg>
<doc>Types the given ``text`` into the text field identified by ``locator``.</doc>
<status status="PASS" start="2024-02-10T11:33:02.350385" elapsed="0.051195"/>
</kw>
<kw name="Wait Until Element Is Visible" owner="SeleniumLibrary">
<arg>css:svg:nth-of-type(2)</arg>
<doc>Waits until the element ``locator`` is visible.</doc>
<status status="PASS" start="2024-02-10T11:33:02.401580" elapsed="0.016152"/>
</kw>
<kw name="Click Element" owner="SeleniumLibrary">
<msg time="2024-02-10T11:33:02.417732" level="INFO">Clicking element 'css:svg:nth-of-type(2)'.</msg>
<arg>css:svg:nth-of-type(2)</arg>
<doc>Click the element identified by ``locator``.</doc>
<status status="PASS" start="2024-02-10T11:33:02.417732" elapsed="0.039823"/>
</kw>
<kw name="Wait Until Element Is Visible" owner="SeleniumLibrary">
<arg>//input[@class='form-control']</arg>
<doc>Waits until the element ``locator`` is visible.</doc>
<status status="PASS" start="2024-02-10T11:33:02.458557" elapsed="0.011222"/>
</kw>
<kw name="Input Text" owner="SeleniumLibrary">
<msg time="2024-02-10T11:33:02.469779" level="INFO">Typing text 'TesteAuto1234' into text field '//input[@class='form-control']'.</msg>
<arg>//input[@class='form-control']</arg>
<arg>${NOMETESTEREP}</arg>
<doc>Types the given ``text`` into the text field identified by ``locator``.</doc>
<status status="PASS" start="2024-02-10T11:33:02.469779" elapsed="0.078986"/>
</kw>
<kw name="Click Element" owner="SeleniumLibrary">
<msg time="2024-02-10T11:33:02.549767" level="INFO">Clicking element '//*[local-name()='svg'][2]'.</msg>
<arg>//*[local-name()='svg'][2]</arg>
<doc>Click the element identified by ``locator``.</doc>
<status status="PASS" start="2024-02-10T11:33:02.549767" elapsed="0.041761"/>
</kw>
<kw name="Wait Until Element Is Visible" owner="SeleniumLibrary">
<arg>//button[.='Confirmar']</arg>
<doc>Waits until the element ``locator`` is visible.</doc>
<status status="PASS" start="2024-02-10T11:33:02.591528" elapsed="0.014156"/>
</kw>
<kw name="Click Element" owner="SeleniumLibrary">
<msg time="2024-02-10T11:33:02.605684" level="INFO">Clicking element '//button[.='Confirmar']'.</msg>
<arg>//button[.='Confirmar']</arg>
<doc>Click the element identified by ``locator``.</doc>
<status status="PASS" start="2024-02-10T11:33:02.605684" elapsed="0.038177"/>
</kw>
<kw name="Wait Until Element Is Visible" owner="SeleniumLibrary">
<arg>//div[@class='Toastify__toast-body']/div[.='Competência desvinculada com sucesso!']</arg>
<doc>Waits until the element ``locator`` is visible.</doc>
<status status="PASS" start="2024-02-10T11:33:02.643861" elapsed="0.437861"/>
</kw>
<kw name="Close Browser" owner="SeleniumLibrary" type="TEARDOWN">
<doc>Closes the current browser.</doc>
<status status="PASS" start="2024-02-10T11:33:03.081722" elapsed="2.076718"/>
</kw>
<tag>FLUXO-POSITIVO13</tag>
<status status="PASS" start="2024-02-10T11:32:58.138426" elapsed="7.020014"/>
</test>
<status status="PASS" start="2024-02-10T11:32:58.007668" elapsed="7.151771"/>
</suite>
<statistics>
<total>
<stat pass="1" fail="0" skip="0">All Tests</stat>
</total>
<tag>
<stat pass="1" fail="0" skip="0">FLUXO-POSITIVO13</stat>
</tag>
<suite>
<stat pass="1" fail="0" skip="0" id="s1" name="Colaborador testes">Colaborador testes</stat>
</suite>
</statistics>
<errors>
</errors>
</robot>
