<?xml version="1.0" encoding="UTF-8"?>
<robot generator="Robot 7.0 (Python 3.12.1 on win32)" generated="2024-02-09T18:04:00.900812" rpa="false" schemaversion="5">
<suite id="s1" name="Competencia testes" source="C:\Users\caiojo\Desktop\Estudos\IQS\IQS Teste_Automatizado_Front\Competencia_testes.robot">
<test id="s1-t1" name="TC 05 Cadastrar competencia vazia" line="78">
<kw name="Run Keywords" owner="BuiltIn" type="SETUP">
<kw name="Open Browser" owner="SeleniumLibrary">
<msg time="2024-02-09T18:04:01.041967" level="INFO">Opening browser 'chrome' to base url 'http://sistemas.t2mlab.com:3006/'.</msg>
<arg>url=${URL}</arg>
<arg>browser=${BROWSER}</arg>
<doc>Opens a new browser instance to the optional ``url``.</doc>
<status status="PASS" start="2024-02-09T18:04:01.040967" elapsed="1.601222"/>
</kw>
<kw name="Maximize Browser Window" owner="SeleniumLibrary">
<doc>Maximizes current browser window.</doc>
<status status="PASS" start="2024-02-09T18:04:02.642189" elapsed="0.133968"/>
</kw>
<arg>Open Browser</arg>
<arg>url=${URL}</arg>
<arg>browser=${BROWSER}</arg>
<arg>AND</arg>
<arg>Maximize Browser Window</arg>
<doc>Executes all the given keywords in a sequence.</doc>
<status status="PASS" start="2024-02-09T18:04:01.040967" elapsed="1.735190"/>
</kw>
<kw name="Realizar Login">
<kw name="Input Text" owner="SeleniumLibrary">
<msg time="2024-02-09T18:04:02.777157" level="INFO">Typing text 'SIFigueiredo' into text field 'xpath://input[@aria-label='Email']'.</msg>
<arg>${LOGIN_PAGE.EmailInput}</arg>
<arg>${GESTOR_VALIDO}</arg>
<doc>Types the given ``text`` into the text field identified by ``locator``.</doc>
<status status="PASS" start="2024-02-09T18:04:02.777157" elapsed="0.079825"/>
</kw>
<kw name="Input Text" owner="SeleniumLibrary">
<msg time="2024-02-09T18:04:02.857981" level="INFO">Typing text '123' into text field 'xpath://input[@aria-label='Senha']'.</msg>
<arg>${LOGIN_PAGE.SenhaInput}</arg>
<arg>${SENHA}</arg>
<doc>Types the given ``text`` into the text field identified by ``locator``.</doc>
<status status="PASS" start="2024-02-09T18:04:02.856982" elapsed="0.051633"/>
</kw>
<kw name="Click Element" owner="SeleniumLibrary">
<msg time="2024-02-09T18:04:02.908615" level="INFO">Clicking element 'xpath://button[@role='button']'.</msg>
<arg>${LOGIN_PAGE.BotãoLogin}</arg>
<doc>Click the element identified by ``locator``.</doc>
<status status="PASS" start="2024-02-09T18:04:02.908615" elapsed="0.038978"/>
</kw>
<kw name="Sleep" owner="BuiltIn">
<msg time="2024-02-09T18:04:03.947836" level="INFO">Slept 1 second.</msg>
<arg>1s</arg>
<doc>Pauses the test executed for the given time.</doc>
<status status="PASS" start="2024-02-09T18:04:02.947593" elapsed="1.000243"/>
</kw>
<kw name="Click Element" owner="SeleniumLibrary">
<msg time="2024-02-09T18:04:03.947836" level="INFO">Clicking element '//div[@class='container']/div[@class='row']/div[.='SCSistema de Competência']'.</msg>
<arg>${LOGIN_PAGE.BotãoCompetencia}</arg>
<doc>Click the element identified by ``locator``.</doc>
<status status="PASS" start="2024-02-09T18:04:03.947836" elapsed="0.041772"/>
</kw>
<status status="PASS" start="2024-02-09T18:04:02.776157" elapsed="1.213451"/>
</kw>
<kw name="Click Element" owner="SeleniumLibrary">
<msg time="2024-02-09T18:04:03.989608" level="INFO">Clicking element '//button[.='Competência']'.</msg>
<arg>//button[.='Competência']</arg>
<doc>Click the element identified by ``locator``.</doc>
<status status="PASS" start="2024-02-09T18:04:03.989608" elapsed="0.039852"/>
</kw>
<kw name="Wait Until Element Is Visible" owner="SeleniumLibrary">
<arg>//button[.='Cadastrar Competência']</arg>
<doc>Waits until the element ``locator`` is visible.</doc>
<status status="PASS" start="2024-02-09T18:04:04.030460" elapsed="0.017043"/>
</kw>
<kw name="Click Element" owner="SeleniumLibrary">
<msg time="2024-02-09T18:04:04.048504" level="INFO">Clicking element '//button[.='Cadastrar Competência']'.</msg>
<arg>//button[.='Cadastrar Competência']</arg>
<doc>Click the element identified by ``locator``.</doc>
<status status="PASS" start="2024-02-09T18:04:04.048504" elapsed="0.033552"/>
</kw>
<kw name="Wait Until Element Is Visible" owner="SeleniumLibrary">
<arg>//input[@id='formBasicEmail']</arg>
<doc>Waits until the element ``locator`` is visible.</doc>
<status status="PASS" start="2024-02-09T18:04:04.082056" elapsed="0.018587"/>
</kw>
<kw name="Click Element" owner="SeleniumLibrary">
<msg time="2024-02-09T18:04:04.101641" level="INFO">Clicking element '//button[@class='botao-default btn btn-var(--verde-primario)']'.</msg>
<arg>//button[@class='botao-default btn btn-var(--verde-primario)']</arg>
<doc>Click the element identified by ``locator``.</doc>
<status status="PASS" start="2024-02-09T18:04:04.100643" elapsed="0.035752"/>
</kw>
<kw name="Wait Until Element Is Visible" owner="SeleniumLibrary">
<arg>//div[@class='container']/div[1]//div[@class='invalid-feedback']</arg>
<doc>Waits until the element ``locator`` is visible.</doc>
<status status="PASS" start="2024-02-09T18:04:04.136395" elapsed="0.012014"/>
</kw>
<kw name="Close Browser" owner="SeleniumLibrary" type="TEARDOWN">
<doc>Closes the current browser.</doc>
<status status="PASS" start="2024-02-09T18:04:04.149410" elapsed="2.054042"/>
</kw>
<tag>FLUXO-NEGATIVO05</tag>
<status status="PASS" start="2024-02-09T18:04:01.039968" elapsed="5.163988"/>
</test>
<status status="PASS" start="2024-02-09T18:04:00.901813" elapsed="5.303149"/>
</suite>
<statistics>
<total>
<stat pass="1" fail="0" skip="0">All Tests</stat>
</total>
<tag>
<stat pass="1" fail="0" skip="0">FLUXO-NEGATIVO05</stat>
</tag>
<suite>
<stat pass="1" fail="0" skip="0" id="s1" name="Competencia testes">Competencia testes</stat>
</suite>
</statistics>
<errors>
</errors>
</robot>
