<?xml version="1.0" encoding="UTF-8"?>
<robot generator="Robot 7.0 (Python 3.12.1 on win32)" generated="2024-02-10T11:57:45.952938" rpa="false" schemaversion="5">
<suite id="s1" name="Colaborador testes" source="C:\Users\caiojo\Desktop\Estudos\IQS\IQS Teste_Automatizado_Front\Colaborador_testes.robot">
<test id="s1-t1" name="TC 14 Visualizar colaborador" line="144">
<kw name="Run Keywords" owner="BuiltIn" type="SETUP">
<kw name="Open Browser" owner="SeleniumLibrary">
<msg time="2024-02-10T11:57:46.120950" level="INFO">Opening browser 'chrome' to base url 'http://sistemas.t2mlab.com:3006/'.</msg>
<arg>url=${URL}</arg>
<arg>browser=${BROWSER}</arg>
<doc>Opens a new browser instance to the optional ``url``.</doc>
<status status="PASS" start="2024-02-10T11:57:46.120950" elapsed="2.620350"/>
</kw>
<kw name="Maximize Browser Window" owner="SeleniumLibrary">
<doc>Maximizes current browser window.</doc>
<status status="PASS" start="2024-02-10T11:57:48.741300" elapsed="0.132478"/>
</kw>
<arg>Open Browser</arg>
<arg>url=${URL}</arg>
<arg>browser=${BROWSER}</arg>
<arg>AND</arg>
<arg>Maximize Browser Window</arg>
<doc>Executes all the given keywords in a sequence.</doc>
<status status="PASS" start="2024-02-10T11:57:46.120950" elapsed="2.752828"/>
</kw>
<kw name="Realizar Login">
<kw name="Input Text" owner="SeleniumLibrary">
<msg time="2024-02-10T11:57:48.876779" level="INFO">Typing text 'SIFigueiredo' into text field 'xpath://input[@aria-label='Email']'.</msg>
<arg>${LOGIN_PAGE.EmailInput}</arg>
<arg>${GESTOR_VALIDO}</arg>
<doc>Types the given ``text`` into the text field identified by ``locator``.</doc>
<status status="PASS" start="2024-02-10T11:57:48.875778" elapsed="0.101087"/>
</kw>
<kw name="Input Text" owner="SeleniumLibrary">
<msg time="2024-02-10T11:57:48.976865" level="INFO">Typing text '123' into text field 'xpath://input[@aria-label='Senha']'.</msg>
<arg>${LOGIN_PAGE.SenhaInput}</arg>
<arg>${SENHA}</arg>
<doc>Types the given ``text`` into the text field identified by ``locator``.</doc>
<status status="PASS" start="2024-02-10T11:57:48.976865" elapsed="0.055891"/>
</kw>
<kw name="Click Element" owner="SeleniumLibrary">
<msg time="2024-02-10T11:57:49.032756" level="INFO">Clicking element 'xpath://button[@role='button']'.</msg>
<arg>${LOGIN_PAGE.BotãoLogin}</arg>
<doc>Click the element identified by ``locator``.</doc>
<status status="PASS" start="2024-02-10T11:57:49.032756" elapsed="0.035304"/>
</kw>
<kw name="Sleep" owner="BuiltIn">
<msg time="2024-02-10T11:57:50.068268" level="INFO">Slept 1 second.</msg>
<arg>1s</arg>
<doc>Pauses the test executed for the given time.</doc>
<status status="PASS" start="2024-02-10T11:57:49.068060" elapsed="1.000208"/>
</kw>
<kw name="Click Element" owner="SeleniumLibrary">
<msg time="2024-02-10T11:57:50.068268" level="INFO">Clicking element '//div[@class='container']/div[@class='row']/div[.='SCSistema de Competência']'.</msg>
<arg>${LOGIN_PAGE.BotãoCompetencia}</arg>
<doc>Click the element identified by ``locator``.</doc>
<status status="PASS" start="2024-02-10T11:57:50.068268" elapsed="0.039067"/>
</kw>
<status status="PASS" start="2024-02-10T11:57:48.874778" elapsed="1.232557"/>
</kw>
<kw name="Click Element" owner="SeleniumLibrary">
<msg time="2024-02-10T11:57:50.108337" level="INFO">Clicking element '//button[.='Colaborador']'.</msg>
<arg>//button[.='Colaborador']</arg>
<doc>Click the element identified by ``locator``.</doc>
<status status="PASS" start="2024-02-10T11:57:50.107335" elapsed="0.063195"/>
</kw>
<kw name="Wait Until Element Is Visible" owner="SeleniumLibrary">
<arg>//input[@class='form-control']</arg>
<doc>Waits until the element ``locator`` is visible.</doc>
<status status="PASS" start="2024-02-10T11:57:50.170530" elapsed="1.259832"/>
</kw>
<kw name="Input Text" owner="SeleniumLibrary">
<msg time="2024-02-10T11:57:51.431362" level="INFO">Typing text 'gestor' into text field '//input[@class='form-control']'.</msg>
<arg>//input[@class='form-control']</arg>
<arg>${COLABORADOR}</arg>
<doc>Types the given ``text`` into the text field identified by ``locator``.</doc>
<status status="PASS" start="2024-02-10T11:57:51.430362" elapsed="0.053981"/>
</kw>
<kw name="Wait Until Element Is Visible" owner="SeleniumLibrary">
<arg>css:[height='1em'][viewBox='0 0 16 16']</arg>
<doc>Waits until the element ``locator`` is visible.</doc>
<status status="PASS" start="2024-02-10T11:57:51.484343" elapsed="0.016519"/>
</kw>
<kw name="Click Element" owner="SeleniumLibrary">
<msg time="2024-02-10T11:57:51.500862" level="INFO">Clicking element 'css:[height='1em'][viewBox='0 0 16 16']'.</msg>
<arg>css:[height='1em'][viewBox='0 0 16 16']</arg>
<doc>Click the element identified by ``locator``.</doc>
<status status="PASS" start="2024-02-10T11:57:51.500862" elapsed="0.035260"/>
</kw>
<kw name="Wait Until Element Is Visible" owner="SeleniumLibrary">
<arg>//span[.='Detalhar Colaborador']</arg>
<doc>Waits until the element ``locator`` is visible.</doc>
<status status="PASS" start="2024-02-10T11:57:51.537124" elapsed="0.013068"/>
</kw>
<kw name="Click Element" owner="SeleniumLibrary">
<msg time="2024-02-10T11:57:51.550192" level="INFO">Clicking element 'css:[color='var(--verde-primario)']'.</msg>
<arg>css:[color='var(--verde-primario)']</arg>
<doc>Click the element identified by ``locator``.</doc>
<status status="PASS" start="2024-02-10T11:57:51.550192" elapsed="0.045923"/>
</kw>
<kw name="Wait Until Element Is Visible" owner="SeleniumLibrary">
<arg>//span[.='Adicionar Empresa ao Colaborador']</arg>
<doc>Waits until the element ``locator`` is visible.</doc>
<status status="PASS" start="2024-02-10T11:57:51.597113" elapsed="0.014509"/>
</kw>
<kw name="Click Element" owner="SeleniumLibrary">
<msg time="2024-02-10T11:57:51.611622" level="INFO">Clicking element '//select[@class='select-per-page form-select']'.</msg>
<arg>//select[@class='select-per-page form-select']</arg>
<doc>Click the element identified by ``locator``.</doc>
<status status="PASS" start="2024-02-10T11:57:51.611622" elapsed="0.045199"/>
</kw>
<kw name="Wait Until Element Is Visible" owner="SeleniumLibrary">
<arg>//option[.='100']</arg>
<doc>Waits until the element ``locator`` is visible.</doc>
<status status="PASS" start="2024-02-10T11:57:51.656821" elapsed="0.021998"/>
</kw>
<kw name="Click Element" owner="SeleniumLibrary">
<msg time="2024-02-10T11:57:51.678819" level="INFO">Clicking element '//option[.='100']'.</msg>
<arg>//option[.='100']</arg>
<doc>Click the element identified by ``locator``.</doc>
<status status="PASS" start="2024-02-10T11:57:51.678819" elapsed="0.033998"/>
</kw>
<kw name="Input Text" owner="SeleniumLibrary">
<msg time="2024-02-10T11:57:51.713825" level="INFO">Typing text 'EmpresaAuto1234' into text field '//input[@class='form-control']'.</msg>
<arg>//input[@class='form-control']</arg>
<arg>${NOMEEMPRESAREP}</arg>
<doc>Types the given ``text`` into the text field identified by ``locator``.</doc>
<status status="PASS" start="2024-02-10T11:57:51.713825" elapsed="0.096029"/>
</kw>
<kw name="Click Element" owner="SeleniumLibrary">
<msg time="2024-02-10T11:57:51.810854" level="INFO">Clicking element '//input[@name='companySelection']'.</msg>
<arg>//input[@name='companySelection']</arg>
<doc>Click the element identified by ``locator``.</doc>
<status status="PASS" start="2024-02-10T11:57:51.810854" elapsed="0.033403"/>
</kw>
<kw name="Click Element" owner="SeleniumLibrary">
<msg time="2024-02-10T11:57:51.845256" level="INFO">Clicking element '//button[@class='botao-default btn btn-var(--verde-primario)']'.</msg>
<arg>//button[@class='botao-default btn btn-var(--verde-primario)']</arg>
<doc>Click the element identified by ``locator``.</doc>
<status status="PASS" start="2024-02-10T11:57:51.845256" elapsed="0.040555"/>
</kw>
<kw name="Wait Until Element Is Visible" owner="SeleniumLibrary">
<arg>//div[@class='sc-aXZVg hDPZGJ']/button[@class='botao-default btn btn-var(--verde-primario)']</arg>
<doc>Waits until the element ``locator`` is visible.</doc>
<status status="PASS" start="2024-02-10T11:57:51.886811" elapsed="0.013061"/>
</kw>
<kw name="Click Element" owner="SeleniumLibrary">
<msg time="2024-02-10T11:57:51.900872" level="INFO">Clicking element '//div[@class='sc-aXZVg hDPZGJ']/button[@class='botao-default btn btn-var(--verde-primario)']'.</msg>
<arg>//div[@class='sc-aXZVg hDPZGJ']/button[@class='botao-default btn btn-var(--verde-primario)']</arg>
<doc>Click the element identified by ``locator``.</doc>
<status status="PASS" start="2024-02-10T11:57:51.900872" elapsed="0.039170"/>
</kw>
<kw name="Wait Until Element Is Visible" owner="SeleniumLibrary">
<arg>//div[@class='Toastify__toast-body']/div[.='Empresa vinculada com sucesso!']</arg>
<doc>Waits until the element ``locator`` is visible.</doc>
<status status="PASS" start="2024-02-10T11:57:51.940042" elapsed="0.428602"/>
</kw>
<kw name="Close Browser" owner="SeleniumLibrary" type="TEARDOWN">
<doc>Closes the current browser.</doc>
<status status="PASS" start="2024-02-10T11:57:52.368644" elapsed="2.078102"/>
</kw>
<tag>FLUXO-POSITIVO14</tag>
<status status="PASS" start="2024-02-10T11:57:46.119952" elapsed="8.326794"/>
</test>
<status status="PASS" start="2024-02-10T11:57:45.954239" elapsed="8.493507"/>
</suite>
<statistics>
<total>
<stat pass="1" fail="0" skip="0">All Tests</stat>
</total>
<tag>
<stat pass="1" fail="0" skip="0">FLUXO-POSITIVO14</stat>
</tag>
<suite>
<stat pass="1" fail="0" skip="0" id="s1" name="Colaborador testes">Colaborador testes</stat>
</suite>
</statistics>
<errors>
</errors>
</robot>
