<?xml version="1.0" encoding="UTF-8"?>
<robot generator="Robot 7.0 (Python 3.12.1 on win32)" generated="2024-02-10T13:43:06.840628" rpa="false" schemaversion="5">
<suite id="s1" name="Servico teste" source="C:\Users\caiojo\Desktop\Estudos\IQS\IQS Teste_Automatizado_Front\Servico_teste.robot">
<test id="s1-t1" name="TC 19 Cadastrar serviço repetido" line="129">
<kw name="Run Keywords" owner="BuiltIn" type="SETUP">
<kw name="Open Browser" owner="SeleniumLibrary">
<msg time="2024-02-10T13:43:06.973284" level="INFO">Opening browser 'chrome' to base url 'http://sistemas.t2mlab.com:3006/'.</msg>
<arg>url=${URL}</arg>
<arg>browser=${BROWSER}</arg>
<doc>Opens a new browser instance to the optional ``url``.</doc>
<status status="PASS" start="2024-02-10T13:43:06.972285" elapsed="1.456513"/>
</kw>
<kw name="Maximize Browser Window" owner="SeleniumLibrary">
<doc>Maximizes current browser window.</doc>
<status status="PASS" start="2024-02-10T13:43:08.428798" elapsed="0.128211"/>
</kw>
<arg>Open Browser</arg>
<arg>url=${URL}</arg>
<arg>browser=${BROWSER}</arg>
<arg>AND</arg>
<arg>Maximize Browser Window</arg>
<doc>Executes all the given keywords in a sequence.</doc>
<status status="PASS" start="2024-02-10T13:43:06.972285" elapsed="1.584724"/>
</kw>
<kw name="Realizar Login">
<kw name="Input Text" owner="SeleniumLibrary">
<msg time="2024-02-10T13:43:08.559007" level="INFO">Typing text 'SIFigueiredo' into text field 'xpath://input[@aria-label='Email']'.</msg>
<arg>${LOGIN_PAGE.EmailInput}</arg>
<arg>${GESTOR_VALIDO}</arg>
<doc>Types the given ``text`` into the text field identified by ``locator``.</doc>
<status status="PASS" start="2024-02-10T13:43:08.558009" elapsed="0.090512"/>
</kw>
<kw name="Input Text" owner="SeleniumLibrary">
<msg time="2024-02-10T13:43:08.649522" level="INFO">Typing text '123' into text field 'xpath://input[@aria-label='Senha']'.</msg>
<arg>${LOGIN_PAGE.SenhaInput}</arg>
<arg>${SENHA}</arg>
<doc>Types the given ``text`` into the text field identified by ``locator``.</doc>
<status status="PASS" start="2024-02-10T13:43:08.648521" elapsed="0.052462"/>
</kw>
<kw name="Click Element" owner="SeleniumLibrary">
<msg time="2024-02-10T13:43:08.701991" level="INFO">Clicking element 'xpath://button[@role='button']'.</msg>
<arg>${LOGIN_PAGE.BotãoLogin}</arg>
<doc>Click the element identified by ``locator``.</doc>
<status status="PASS" start="2024-02-10T13:43:08.700983" elapsed="0.036310"/>
</kw>
<kw name="Sleep" owner="BuiltIn">
<msg time="2024-02-10T13:43:09.737640" level="INFO">Slept 1 second.</msg>
<arg>1s</arg>
<doc>Pauses the test executed for the given time.</doc>
<status status="PASS" start="2024-02-10T13:43:08.737293" elapsed="1.000347"/>
</kw>
<kw name="Click Element" owner="SeleniumLibrary">
<msg time="2024-02-10T13:43:09.737640" level="INFO">Clicking element '//div[@class='container']/div[@class='row']/div[.='SCSistema de Competência']'.</msg>
<arg>${LOGIN_PAGE.BotãoCompetencia}</arg>
<doc>Click the element identified by ``locator``.</doc>
<status status="PASS" start="2024-02-10T13:43:09.737640" elapsed="0.038229"/>
</kw>
<status status="PASS" start="2024-02-10T13:43:08.558009" elapsed="1.217860"/>
</kw>
<kw name="Click Element" owner="SeleniumLibrary">
<msg time="2024-02-10T13:43:09.775869" level="INFO">Clicking element '//button[.='Serviço']'.</msg>
<arg>//button[.='Serviço']</arg>
<doc>Click the element identified by ``locator``.</doc>
<status status="PASS" start="2024-02-10T13:43:09.775869" elapsed="0.036468"/>
</kw>
<kw name="Wait Until Element Is Visible" owner="SeleniumLibrary">
<arg>//button[.='Cadastrar Serviço']</arg>
<doc>Waits until the element ``locator`` is visible.</doc>
<status status="PASS" start="2024-02-10T13:43:09.812337" elapsed="0.017083"/>
</kw>
<kw name="Click Element" owner="SeleniumLibrary">
<msg time="2024-02-10T13:43:09.830421" level="INFO">Clicking element '//button[.='Cadastrar Serviço']'.</msg>
<arg>//button[.='Cadastrar Serviço']</arg>
<doc>Click the element identified by ``locator``.</doc>
<status status="PASS" start="2024-02-10T13:43:09.830421" elapsed="0.034103"/>
</kw>
<kw name="Wait Until Element Is Visible" owner="SeleniumLibrary">
<arg>//span[.='Cadastrar Serviço']</arg>
<doc>Waits until the element ``locator`` is visible.</doc>
<status status="PASS" start="2024-02-10T13:43:09.865523" elapsed="0.017029"/>
</kw>
<kw name="Input Text" owner="SeleniumLibrary">
<msg time="2024-02-10T13:43:09.882552" level="INFO">Typing text 'ServiçoAuto1234' into text field '//input[@id='formBasicEmail']'.</msg>
<arg>//input[@id='formBasicEmail']</arg>
<arg>${NOMESERVICOREP}</arg>
<doc>Types the given ``text`` into the text field identified by ``locator``.</doc>
<status status="PASS" start="2024-02-10T13:43:09.882552" elapsed="0.084412"/>
</kw>
<kw name="Input Text" owner="SeleniumLibrary">
<msg time="2024-02-10T13:43:09.967965" level="INFO">Typing text 'DescriçãoServiçoAuto1234' into text field '//textarea[@id='formBasicEmail']'.</msg>
<arg>//textarea[@id='formBasicEmail']</arg>
<arg>${DESCRICAOSERVICOREP}</arg>
<doc>Types the given ``text`` into the text field identified by ``locator``.</doc>
<status status="PASS" start="2024-02-10T13:43:09.966964" elapsed="0.109516"/>
</kw>
<kw name="Click Element" owner="SeleniumLibrary">
<msg time="2024-02-10T13:43:10.077479" level="INFO">Clicking element '//button[@class='botao-default btn btn-var(--verde-primario)']'.</msg>
<arg>//button[@class='botao-default btn btn-var(--verde-primario)']</arg>
<doc>Click the element identified by ``locator``.</doc>
<status status="PASS" start="2024-02-10T13:43:10.077479" elapsed="0.036046"/>
</kw>
<kw name="Wait Until Element Is Visible" owner="SeleniumLibrary">
<arg>//button[.='Confirmar']</arg>
<doc>Waits until the element ``locator`` is visible.</doc>
<status status="PASS" start="2024-02-10T13:43:10.113525" elapsed="0.015431"/>
</kw>
<kw name="Click Element" owner="SeleniumLibrary">
<msg time="2024-02-10T13:43:10.128956" level="INFO">Clicking element '//button[.='Confirmar']'.</msg>
<arg>//button[.='Confirmar']</arg>
<doc>Click the element identified by ``locator``.</doc>
<status status="PASS" start="2024-02-10T13:43:10.128956" elapsed="0.025607"/>
</kw>
<kw name="Wait Until Element Is Visible" owner="SeleniumLibrary">
<arg>//div[@class='Toastify__toast Toastify__toast-theme--colored Toastify__toast--error Toastify__toast--close-on-click']</arg>
<doc>Waits until the element ``locator`` is visible.</doc>
<status status="PASS" start="2024-02-10T13:43:10.154563" elapsed="0.835688"/>
</kw>
<kw name="Close Browser" owner="SeleniumLibrary" type="TEARDOWN">
<doc>Closes the current browser.</doc>
<status status="PASS" start="2024-02-10T13:43:10.990251" elapsed="2.083356"/>
</kw>
<tag>FLUXO-NEGATIVO19</tag>
<status status="PASS" start="2024-02-10T13:43:06.971285" elapsed="6.102322"/>
</test>
<status status="PASS" start="2024-02-10T13:43:06.841550" elapsed="6.233956"/>
</suite>
<statistics>
<total>
<stat pass="1" fail="0" skip="0">All Tests</stat>
</total>
<tag>
<stat pass="1" fail="0" skip="0">FLUXO-NEGATIVO19</stat>
</tag>
<suite>
<stat pass="1" fail="0" skip="0" id="s1" name="Servico teste">Servico teste</stat>
</suite>
</statistics>
<errors>
</errors>
</robot>
