<?xml version="1.0" encoding="UTF-8"?>
<robot generator="Robot 7.0 (Python 3.12.1 on win32)" generated="2024-02-10T14:58:33.425861" rpa="false" schemaversion="5">
<suite id="s1" name="Servico teste" source="C:\Users\caiojo\Desktop\Estudos\IQS\IQS Teste_Automatizado_Front\Servico_teste.robot">
<test id="s1-t1" name="TC 22 Inativar serviço" line="225">
<kw name="Run Keywords" owner="BuiltIn" type="SETUP">
<kw name="Open Browser" owner="SeleniumLibrary">
<msg time="2024-02-10T14:58:33.567844" level="INFO">Opening browser 'chrome' to base url 'http://sistemas.t2mlab.com:3006/'.</msg>
<arg>url=${URL}</arg>
<arg>browser=${BROWSER}</arg>
<doc>Opens a new browser instance to the optional ``url``.</doc>
<status status="PASS" start="2024-02-10T14:58:33.566848" elapsed="1.449585"/>
</kw>
<kw name="Maximize Browser Window" owner="SeleniumLibrary">
<doc>Maximizes current browser window.</doc>
<status status="PASS" start="2024-02-10T14:58:35.016433" elapsed="0.128757"/>
</kw>
<arg>Open Browser</arg>
<arg>url=${URL}</arg>
<arg>browser=${BROWSER}</arg>
<arg>AND</arg>
<arg>Maximize Browser Window</arg>
<doc>Executes all the given keywords in a sequence.</doc>
<status status="PASS" start="2024-02-10T14:58:33.566848" elapsed="1.578342"/>
</kw>
<kw name="Cadastrar serviço">
<kw name="Realizar Login">
<kw name="Input Text" owner="SeleniumLibrary">
<msg time="2024-02-10T14:58:35.146189" level="INFO">Typing text 'SIFigueiredo' into text field 'xpath://input[@aria-label='Email']'.</msg>
<arg>${LOGIN_PAGE.EmailInput}</arg>
<arg>${GESTOR_VALIDO}</arg>
<doc>Types the given ``text`` into the text field identified by ``locator``.</doc>
<status status="PASS" start="2024-02-10T14:58:35.146189" elapsed="0.097470"/>
</kw>
<kw name="Input Text" owner="SeleniumLibrary">
<msg time="2024-02-10T14:58:35.244662" level="INFO">Typing text '123' into text field 'xpath://input[@aria-label='Senha']'.</msg>
<arg>${LOGIN_PAGE.SenhaInput}</arg>
<arg>${SENHA}</arg>
<doc>Types the given ``text`` into the text field identified by ``locator``.</doc>
<status status="PASS" start="2024-02-10T14:58:35.243659" elapsed="0.058262"/>
</kw>
<kw name="Click Element" owner="SeleniumLibrary">
<msg time="2024-02-10T14:58:35.302920" level="INFO">Clicking element 'xpath://button[@role='button']'.</msg>
<arg>${LOGIN_PAGE.BotãoLogin}</arg>
<doc>Click the element identified by ``locator``.</doc>
<status status="PASS" start="2024-02-10T14:58:35.301921" elapsed="0.036797"/>
</kw>
<kw name="Sleep" owner="BuiltIn">
<msg time="2024-02-10T14:58:36.340144" level="INFO">Slept 1 second.</msg>
<arg>1s</arg>
<doc>Pauses the test executed for the given time.</doc>
<status status="PASS" start="2024-02-10T14:58:35.338718" elapsed="1.001426"/>
</kw>
<kw name="Click Element" owner="SeleniumLibrary">
<msg time="2024-02-10T14:58:36.340144" level="INFO">Clicking element '//div[@class='container']/div[@class='row']/div[.='SCSistema de Competência']'.</msg>
<arg>${LOGIN_PAGE.BotãoCompetencia}</arg>
<doc>Click the element identified by ``locator``.</doc>
<status status="PASS" start="2024-02-10T14:58:36.340144" elapsed="0.042645"/>
</kw>
<status status="PASS" start="2024-02-10T14:58:35.145190" elapsed="1.237599"/>
</kw>
<kw name="Click Element" owner="SeleniumLibrary">
<msg time="2024-02-10T14:58:36.382789" level="INFO">Clicking element '//button[.='Serviço']'.</msg>
<arg>//button[.='Serviço']</arg>
<doc>Click the element identified by ``locator``.</doc>
<status status="PASS" start="2024-02-10T14:58:36.382789" elapsed="0.041708"/>
</kw>
<kw name="Wait Until Element Is Visible" owner="SeleniumLibrary">
<arg>//button[.='Cadastrar Serviço']</arg>
<doc>Waits until the element ``locator`` is visible.</doc>
<status status="PASS" start="2024-02-10T14:58:36.424497" elapsed="0.021175"/>
</kw>
<kw name="Click Element" owner="SeleniumLibrary">
<msg time="2024-02-10T14:58:36.445672" level="INFO">Clicking element '//button[.='Cadastrar Serviço']'.</msg>
<arg>//button[.='Cadastrar Serviço']</arg>
<doc>Click the element identified by ``locator``.</doc>
<status status="PASS" start="2024-02-10T14:58:36.445672" elapsed="0.035625"/>
</kw>
<kw name="Wait Until Element Is Visible" owner="SeleniumLibrary">
<arg>//span[.='Cadastrar Serviço']</arg>
<doc>Waits until the element ``locator`` is visible.</doc>
<status status="PASS" start="2024-02-10T14:58:36.481297" elapsed="0.018549"/>
</kw>
<kw name="Gerar nome do serviço">
<kw name="Get Current Date" owner="DateTime">
<msg time="2024-02-10T14:58:36.499846" level="INFO">${data} = 10/02/2024 14:58:36</msg>
<var>${data}</var>
<arg>result_format=%d/%m/%Y %H:%M:%S</arg>
<doc>Returns current local or UTC time with an optional increment.</doc>
<status status="PASS" start="2024-02-10T14:58:36.499846" elapsed="0.000000"/>
</kw>
<kw name="Set Variable" owner="BuiltIn">
<msg time="2024-02-10T14:58:36.500852" level="INFO">${NOMESERVICO} = Serviço 10/02/2024 14:58:36</msg>
<var>${NOMESERVICO}</var>
<arg>Serviço ${data}</arg>
<doc>Returns the given values which can then be assigned to a variables.</doc>
<status status="PASS" start="2024-02-10T14:58:36.500852" elapsed="0.000000"/>
</kw>
<kw name="Set Variable" owner="BuiltIn">
<msg time="2024-02-10T14:58:36.500852" level="INFO">${DESCRICAOSERVICO} = Descrição Serviço 10/02/2024 14:58:36</msg>
<var>${DESCRICAOSERVICO}</var>
<arg>Descrição Serviço ${data}</arg>
<doc>Returns the given values which can then be assigned to a variables.</doc>
<status status="PASS" start="2024-02-10T14:58:36.500852" elapsed="0.000000"/>
</kw>
<kw name="Set Test Variable" owner="BuiltIn">
<msg time="2024-02-10T14:58:36.500852" level="INFO">${NOMESERVICO} = Serviço 10/02/2024 14:58:36</msg>
<arg>${NOMESERVICO}</arg>
<doc>Makes a variable available everywhere within the scope of the current test.</doc>
<status status="PASS" start="2024-02-10T14:58:36.500852" elapsed="0.000000"/>
</kw>
<kw name="Set Test Variable" owner="BuiltIn">
<msg time="2024-02-10T14:58:36.501851" level="INFO">${DESCRICAOSERVICO} = Descrição Serviço 10/02/2024 14:58:36</msg>
<arg>${DESCRICAOSERVICO}</arg>
<doc>Makes a variable available everywhere within the scope of the current test.</doc>
<status status="PASS" start="2024-02-10T14:58:36.500852" elapsed="0.000999"/>
</kw>
<status status="PASS" start="2024-02-10T14:58:36.499846" elapsed="0.002005"/>
</kw>
<kw name="Sleep" owner="BuiltIn">
<msg time="2024-02-10T14:58:37.502194" level="INFO">Slept 1 second.</msg>
<arg>1s</arg>
<doc>Pauses the test executed for the given time.</doc>
<status status="PASS" start="2024-02-10T14:58:36.501851" elapsed="1.000343"/>
</kw>
<kw name="Input Text" owner="SeleniumLibrary">
<msg time="2024-02-10T14:58:37.502194" level="INFO">Typing text 'Serviço 10/02/2024 14:58:36' into text field '//input[@id='formBasicEmail']'.</msg>
<arg>//input[@id='formBasicEmail']</arg>
<arg>${NOMESERVICO}</arg>
<doc>Types the given ``text`` into the text field identified by ``locator``.</doc>
<status status="PASS" start="2024-02-10T14:58:37.502194" elapsed="0.176607"/>
</kw>
<kw name="Input Text" owner="SeleniumLibrary">
<msg time="2024-02-10T14:58:37.679809" level="INFO">Typing text 'Descrição Serviço 10/02/2024 14:58:36' into text field '//textarea[@id='formBasicEmail']'.</msg>
<arg>//textarea[@id='formBasicEmail']</arg>
<arg>${DESCRICAOSERVICO}</arg>
<doc>Types the given ``text`` into the text field identified by ``locator``.</doc>
<status status="PASS" start="2024-02-10T14:58:37.679809" elapsed="0.145722"/>
</kw>
<kw name="Click Element" owner="SeleniumLibrary">
<msg time="2024-02-10T14:58:37.825531" level="INFO">Clicking element '//button[@class='botao-default btn btn-var(--verde-primario)']'.</msg>
<arg>//button[@class='botao-default btn btn-var(--verde-primario)']</arg>
<doc>Click the element identified by ``locator``.</doc>
<status status="PASS" start="2024-02-10T14:58:37.825531" elapsed="0.040711"/>
</kw>
<kw name="Wait Until Element Is Visible" owner="SeleniumLibrary">
<arg>//button[.='Confirmar']</arg>
<doc>Waits until the element ``locator`` is visible.</doc>
<status status="PASS" start="2024-02-10T14:58:37.866242" elapsed="0.016606"/>
</kw>
<kw name="Click Element" owner="SeleniumLibrary">
<msg time="2024-02-10T14:58:37.883849" level="INFO">Clicking element '//button[.='Confirmar']'.</msg>
<arg>//button[.='Confirmar']</arg>
<doc>Click the element identified by ``locator``.</doc>
<status status="PASS" start="2024-02-10T14:58:37.882848" elapsed="0.030120"/>
</kw>
<kw name="Wait Until Element Is Visible" owner="SeleniumLibrary">
<arg>css:tbody &gt; tr:nth-of-type(1) [viewBox='0 0 512 512']</arg>
<doc>Waits until the element ``locator`` is visible.</doc>
<status status="PASS" start="2024-02-10T14:58:37.912968" elapsed="0.219883"/>
</kw>
<kw name="Click Element" owner="SeleniumLibrary">
<msg time="2024-02-10T14:58:38.133850" level="INFO">Clicking element 'css:tbody &gt; tr:nth-of-type(1) [viewBox='0 0 512 512']'.</msg>
<arg>css:tbody &gt; tr:nth-of-type(1) [viewBox='0 0 512 512']</arg>
<doc>Click the element identified by ``locator``.</doc>
<status status="PASS" start="2024-02-10T14:58:38.133850" elapsed="0.029555"/>
</kw>
<kw name="Click Element" owner="SeleniumLibrary">
<msg time="2024-02-10T14:58:38.163405" level="INFO">Clicking element '//button[@class='botao-default btn btn-var(--verde-primario)']'.</msg>
<arg>//button[@class='botao-default btn btn-var(--verde-primario)']</arg>
<doc>Click the element identified by ``locator``.</doc>
<status status="PASS" start="2024-02-10T14:58:38.163405" elapsed="0.036562"/>
</kw>
<kw name="Wait Until Element Is Visible" owner="SeleniumLibrary">
<arg>//div[@class='modal-body']</arg>
<doc>Waits until the element ``locator`` is visible.</doc>
<status status="PASS" start="2024-02-10T14:58:38.199967" elapsed="0.013509"/>
</kw>
<kw name="Click Element" owner="SeleniumLibrary">
<msg time="2024-02-10T14:58:38.213476" level="INFO">Clicking element '//button[.='Confirmar']'.</msg>
<arg>//button[.='Confirmar']</arg>
<doc>Click the element identified by ``locator``.</doc>
<status status="PASS" start="2024-02-10T14:58:38.213476" elapsed="0.023852"/>
</kw>
<kw name="Wait Until Element Is Visible" owner="SeleniumLibrary">
<arg>//div[@class='Toastify__toast-body']/div[.='Competência vinculada com sucesso!']</arg>
<doc>Waits until the element ``locator`` is visible.</doc>
<status status="PASS" start="2024-02-10T14:58:38.237328" elapsed="0.435663"/>
</kw>
<status status="PASS" start="2024-02-10T14:58:35.145190" elapsed="3.527801"/>
</kw>
<kw name="Wait Until Element Is Visible" owner="SeleniumLibrary">
<arg>//input[@class='form-control']</arg>
<doc>Waits until the element ``locator`` is visible.</doc>
<status status="PASS" start="2024-02-10T14:58:38.672991" elapsed="0.013511"/>
</kw>
<kw name="Click Element" owner="SeleniumLibrary">
<msg time="2024-02-10T14:58:38.686502" level="INFO">Clicking element '//img[@alt='T2M']'.</msg>
<arg>//img[@alt='T2M']</arg>
<doc>Click the element identified by ``locator``.</doc>
<status status="PASS" start="2024-02-10T14:58:38.686502" elapsed="0.043843"/>
</kw>
<kw name="Wait Until Element Is Visible" owner="SeleniumLibrary">
<arg>//img[@alt='SC']</arg>
<doc>Waits until the element ``locator`` is visible.</doc>
<status status="PASS" start="2024-02-10T14:58:38.730345" elapsed="0.026577"/>
</kw>
<kw name="Click Element" owner="SeleniumLibrary">
<msg time="2024-02-10T14:58:38.756922" level="INFO">Clicking element '//img[@alt='SC']'.</msg>
<arg>//img[@alt='SC']</arg>
<doc>Click the element identified by ``locator``.</doc>
<status status="PASS" start="2024-02-10T14:58:38.756922" elapsed="0.055177"/>
</kw>
<kw name="Wait Until Element Is Visible" owner="SeleniumLibrary">
<arg>//button[.='Serviço']</arg>
<doc>Waits until the element ``locator`` is visible.</doc>
<status status="PASS" start="2024-02-10T14:58:38.813100" elapsed="0.014016"/>
</kw>
<kw name="Click Element" owner="SeleniumLibrary">
<msg time="2024-02-10T14:58:38.827116" level="INFO">Clicking element '//button[.='Serviço']'.</msg>
<arg>//button[.='Serviço']</arg>
<doc>Click the element identified by ``locator``.</doc>
<status status="PASS" start="2024-02-10T14:58:38.827116" elapsed="0.033310"/>
</kw>
<kw name="Wait Until Element Is Visible" owner="SeleniumLibrary">
<arg>//button[.='Cadastrar Serviço']</arg>
<doc>Waits until the element ``locator`` is visible.</doc>
<status status="PASS" start="2024-02-10T14:58:38.860426" elapsed="0.012170"/>
</kw>
<kw name="Click Element" owner="SeleniumLibrary">
<msg time="2024-02-10T14:58:38.873598" level="INFO">Clicking element '//button[.='Buscar Serviço']'.</msg>
<arg>//button[.='Buscar Serviço']</arg>
<doc>Click the element identified by ``locator``.</doc>
<status status="PASS" start="2024-02-10T14:58:38.873598" elapsed="0.043949"/>
</kw>
<kw name="Wait Until Element Is Visible" owner="SeleniumLibrary">
<arg>//input[@class='form-control']</arg>
<doc>Waits until the element ``locator`` is visible.</doc>
<status status="PASS" start="2024-02-10T14:58:38.917547" elapsed="0.012060"/>
</kw>
<kw name="Click Element" owner="SeleniumLibrary">
<msg time="2024-02-10T14:58:38.929607" level="INFO">Clicking element '//select[@class='select-per-page form-select']'.</msg>
<arg>//select[@class='select-per-page form-select']</arg>
<doc>Click the element identified by ``locator``.</doc>
<status status="PASS" start="2024-02-10T14:58:38.929607" elapsed="0.053035"/>
</kw>
<kw name="Wait Until Element Is Visible" owner="SeleniumLibrary">
<arg>//option[.='100']</arg>
<doc>Waits until the element ``locator`` is visible.</doc>
<status status="PASS" start="2024-02-10T14:58:38.982642" elapsed="0.018543"/>
</kw>
<kw name="Click Element" owner="SeleniumLibrary">
<msg time="2024-02-10T14:58:39.002187" level="INFO">Clicking element '//option[.='100']'.</msg>
<arg>//option[.='100']</arg>
<doc>Click the element identified by ``locator``.</doc>
<status status="PASS" start="2024-02-10T14:58:39.002187" elapsed="0.048784"/>
</kw>
<kw name="Input Text" owner="SeleniumLibrary">
<msg time="2024-02-10T14:58:39.051968" level="INFO">Typing text 'Serviço 10/02/2024 14:58:36' into text field '//input[@class='form-control']'.</msg>
<arg>//input[@class='form-control']</arg>
<arg>${NOMESERVICO}</arg>
<doc>Types the given ``text`` into the text field identified by ``locator``.</doc>
<status status="PASS" start="2024-02-10T14:58:39.050971" elapsed="0.120318"/>
</kw>
<kw name="Wait Until Element Is Visible" owner="SeleniumLibrary">
<arg>css:[color='var(--vermelho-constraste)']</arg>
<doc>Waits until the element ``locator`` is visible.</doc>
<status status="PASS" start="2024-02-10T14:58:39.171289" elapsed="0.015621"/>
</kw>
<kw name="Click Element" owner="SeleniumLibrary">
<msg time="2024-02-10T14:58:39.186910" level="INFO">Clicking element 'css:[color='var(--vermelho-constraste)']'.</msg>
<arg>css:[color='var(--vermelho-constraste)']</arg>
<doc>Click the element identified by ``locator``.</doc>
<status status="PASS" start="2024-02-10T14:58:39.186910" elapsed="0.035384"/>
</kw>
<kw name="Wait Until Element Is Visible" owner="SeleniumLibrary">
<arg>//button[@class='botao-default btn btn-var(--verde-primario)']</arg>
<doc>Waits until the element ``locator`` is visible.</doc>
<status status="PASS" start="2024-02-10T14:58:39.223294" elapsed="0.011512"/>
</kw>
<kw name="Click Element" owner="SeleniumLibrary">
<msg time="2024-02-10T14:58:39.234806" level="INFO">Clicking element '//button[@class='botao-default btn btn-var(--verde-primario)']'.</msg>
<arg>//button[@class='botao-default btn btn-var(--verde-primario)']</arg>
<doc>Click the element identified by ``locator``.</doc>
<status status="PASS" start="2024-02-10T14:58:39.234806" elapsed="0.029995"/>
</kw>
<kw name="Wait Until Element Is Visible" owner="SeleniumLibrary">
<arg>//div[@class='Toastify__toast-body']/div[.='Serviço excluído com sucesso!']</arg>
<doc>Waits until the element ``locator`` is visible.</doc>
<status status="PASS" start="2024-02-10T14:58:39.264801" elapsed="0.431916"/>
</kw>
<kw name="Close Browser" owner="SeleniumLibrary" type="TEARDOWN">
<doc>Closes the current browser.</doc>
<status status="PASS" start="2024-02-10T14:58:39.697714" elapsed="2.062741"/>
</kw>
<tag>FLUXO-POSITIVO22</tag>
<status status="PASS" start="2024-02-10T14:58:33.565846" elapsed="8.194609"/>
</test>
<status status="PASS" start="2024-02-10T14:58:33.426859" elapsed="8.334594"/>
</suite>
<statistics>
<total>
<stat pass="1" fail="0" skip="0">All Tests</stat>
</total>
<tag>
<stat pass="1" fail="0" skip="0">FLUXO-POSITIVO22</stat>
</tag>
<suite>
<stat pass="1" fail="0" skip="0" id="s1" name="Servico teste">Servico teste</stat>
</suite>
</statistics>
<errors>
</errors>
</robot>
