<?xml version="1.0" encoding="UTF-8"?>
<robot generator="Robot 7.0 (Python 3.12.1 on win32)" generated="2024-02-10T09:56:41.721654" rpa="false" schemaversion="5">
<suite id="s1" name="Competencia testes" source="C:\Users\caiojo\Desktop\Estudos\IQS\IQS Teste_Automatizado_Front\Competencia_testes.robot">
<test id="s1-t1" name="TC 10 Inativar competencia" line="196">
<kw name="Run Keywords" owner="BuiltIn" type="SETUP">
<kw name="Open Browser" owner="SeleniumLibrary">
<msg time="2024-02-10T09:56:41.861868" level="INFO">Opening browser 'chrome' to base url 'http://sistemas.t2mlab.com:3006/'.</msg>
<arg>url=${URL}</arg>
<arg>browser=${BROWSER}</arg>
<doc>Opens a new browser instance to the optional ``url``.</doc>
<status status="PASS" start="2024-02-10T09:56:41.861868" elapsed="1.514907"/>
</kw>
<kw name="Maximize Browser Window" owner="SeleniumLibrary">
<doc>Maximizes current browser window.</doc>
<status status="PASS" start="2024-02-10T09:56:43.376775" elapsed="0.118688"/>
</kw>
<arg>Open Browser</arg>
<arg>url=${URL}</arg>
<arg>browser=${BROWSER}</arg>
<arg>AND</arg>
<arg>Maximize Browser Window</arg>
<doc>Executes all the given keywords in a sequence.</doc>
<status status="PASS" start="2024-02-10T09:56:41.860867" elapsed="1.634596"/>
</kw>
<kw name="Realizar Login">
<kw name="Input Text" owner="SeleniumLibrary">
<msg time="2024-02-10T09:56:43.496581" level="INFO">Typing text 'SIFigueiredo' into text field 'xpath://input[@aria-label='Email']'.</msg>
<arg>${LOGIN_PAGE.EmailInput}</arg>
<arg>${GESTOR_VALIDO}</arg>
<doc>Types the given ``text`` into the text field identified by ``locator``.</doc>
<status status="PASS" start="2024-02-10T09:56:43.496581" elapsed="0.090755"/>
</kw>
<kw name="Input Text" owner="SeleniumLibrary">
<msg time="2024-02-10T09:56:43.587336" level="INFO">Typing text '123' into text field 'xpath://input[@aria-label='Senha']'.</msg>
<arg>${LOGIN_PAGE.SenhaInput}</arg>
<arg>${SENHA}</arg>
<doc>Types the given ``text`` into the text field identified by ``locator``.</doc>
<status status="PASS" start="2024-02-10T09:56:43.587336" elapsed="0.059361"/>
</kw>
<kw name="Click Element" owner="SeleniumLibrary">
<msg time="2024-02-10T09:56:43.647697" level="INFO">Clicking element 'xpath://button[@role='button']'.</msg>
<arg>${LOGIN_PAGE.BotãoLogin}</arg>
<doc>Click the element identified by ``locator``.</doc>
<status status="PASS" start="2024-02-10T09:56:43.646697" elapsed="0.034340"/>
</kw>
<kw name="Sleep" owner="BuiltIn">
<msg time="2024-02-10T09:56:44.682552" level="INFO">Slept 1 second.</msg>
<arg>1s</arg>
<doc>Pauses the test executed for the given time.</doc>
<status status="PASS" start="2024-02-10T09:56:43.681037" elapsed="1.001515"/>
</kw>
<kw name="Click Element" owner="SeleniumLibrary">
<msg time="2024-02-10T09:56:44.682552" level="INFO">Clicking element '//div[@class='container']/div[@class='row']/div[.='SCSistema de Competência']'.</msg>
<arg>${LOGIN_PAGE.BotãoCompetencia}</arg>
<doc>Click the element identified by ``locator``.</doc>
<status status="PASS" start="2024-02-10T09:56:44.682552" elapsed="0.041054"/>
</kw>
<status status="PASS" start="2024-02-10T09:56:43.495463" elapsed="1.228143"/>
</kw>
<kw name="Click Element" owner="SeleniumLibrary">
<msg time="2024-02-10T09:56:44.723606" level="INFO">Clicking element '//button[.='Competência']'.</msg>
<arg>//button[.='Competência']</arg>
<doc>Click the element identified by ``locator``.</doc>
<status status="PASS" start="2024-02-10T09:56:44.723606" elapsed="0.040558"/>
</kw>
<kw name="Wait Until Element Is Visible" owner="SeleniumLibrary">
<arg>//button[.='Cadastrar Competência']</arg>
<doc>Waits until the element ``locator`` is visible.</doc>
<status status="PASS" start="2024-02-10T09:56:44.764164" elapsed="0.020980"/>
</kw>
<kw name="Click Element" owner="SeleniumLibrary">
<msg time="2024-02-10T09:56:44.786151" level="INFO">Clicking element '//button[.='Buscar Competência']'.</msg>
<arg>//button[.='Buscar Competência']</arg>
<doc>Click the element identified by ``locator``.</doc>
<status status="PASS" start="2024-02-10T09:56:44.785144" elapsed="0.046129"/>
</kw>
<kw name="Wait Until Element Is Visible" owner="SeleniumLibrary">
<arg>//input[@class='form-control']</arg>
<doc>Waits until the element ``locator`` is visible.</doc>
<status status="PASS" start="2024-02-10T09:56:44.832273" elapsed="0.016573"/>
</kw>
<kw name="Click Element" owner="SeleniumLibrary">
<msg time="2024-02-10T09:56:44.849846" level="INFO">Clicking element '//select[@class='select-per-page form-select']'.</msg>
<arg>//select[@class='select-per-page form-select']</arg>
<doc>Click the element identified by ``locator``.</doc>
<status status="PASS" start="2024-02-10T09:56:44.848846" elapsed="0.041681"/>
</kw>
<kw name="Wait Until Element Is Visible" owner="SeleniumLibrary">
<arg>//option[.='100']</arg>
<doc>Waits until the element ``locator`` is visible.</doc>
<status status="PASS" start="2024-02-10T09:56:44.890527" elapsed="0.015623"/>
</kw>
<kw name="Click Element" owner="SeleniumLibrary">
<msg time="2024-02-10T09:56:44.906150" level="INFO">Clicking element '//option[.='100']'.</msg>
<arg>//option[.='100']</arg>
<doc>Click the element identified by ``locator``.</doc>
<status status="PASS" start="2024-02-10T09:56:44.906150" elapsed="0.043563"/>
</kw>
<kw name="Input Text" owner="SeleniumLibrary">
<msg time="2024-02-10T09:56:44.950715" level="INFO">Typing text 'TesteAuto1234' into text field '//input[@class='form-control']'.</msg>
<arg>//input[@class='form-control']</arg>
<arg>${NOMETESTEREP}</arg>
<doc>Types the given ``text`` into the text field identified by ``locator``.</doc>
<status status="PASS" start="2024-02-10T09:56:44.950715" elapsed="0.097213"/>
</kw>
<kw name="Wait Until Element Is Visible" owner="SeleniumLibrary">
<arg>css:[color='var(--vermelho-constraste)']</arg>
<doc>Waits until the element ``locator`` is visible.</doc>
<status status="PASS" start="2024-02-10T09:56:45.047928" elapsed="0.017508"/>
</kw>
<kw name="Click Element" owner="SeleniumLibrary">
<msg time="2024-02-10T09:56:45.066562" level="INFO">Clicking element 'css:[color='var(--vermelho-constraste)']'.</msg>
<arg>css:[color='var(--vermelho-constraste)']</arg>
<doc>Click the element identified by ``locator``.</doc>
<status status="PASS" start="2024-02-10T09:56:45.065436" elapsed="0.040907"/>
</kw>
<kw name="Wait Until Element Is Visible" owner="SeleniumLibrary">
<arg>//button[.='Confirmar']</arg>
<doc>Waits until the element ``locator`` is visible.</doc>
<status status="PASS" start="2024-02-10T09:56:45.106343" elapsed="0.016145"/>
</kw>
<kw name="Click Element" owner="SeleniumLibrary">
<msg time="2024-02-10T09:56:45.123488" level="INFO">Clicking element '//button[.='Confirmar']'.</msg>
<arg>//button[.='Confirmar']</arg>
<doc>Click the element identified by ``locator``.</doc>
<status status="PASS" start="2024-02-10T09:56:45.123488" elapsed="0.037637"/>
</kw>
<kw name="Wait Until Element Is Visible" owner="SeleniumLibrary">
<arg>//td[.='TesteAuto1234']</arg>
<doc>Waits until the element ``locator`` is visible.</doc>
<status status="PASS" start="2024-02-10T09:56:45.162127" elapsed="0.015083"/>
</kw>
<kw name="Close Browser" owner="SeleniumLibrary" type="TEARDOWN">
<doc>Closes the current browser.</doc>
<status status="PASS" start="2024-02-10T09:56:45.177210" elapsed="2.096759"/>
</kw>
<tag>FLUXO-NEGATIVO10</tag>
<status status="PASS" start="2024-02-10T09:56:41.860867" elapsed="5.413102"/>
</test>
<status status="PASS" start="2024-02-10T09:56:41.722655" elapsed="5.552820"/>
</suite>
<statistics>
<total>
<stat pass="1" fail="0" skip="0">All Tests</stat>
</total>
<tag>
<stat pass="1" fail="0" skip="0">FLUXO-NEGATIVO10</stat>
</tag>
<suite>
<stat pass="1" fail="0" skip="0" id="s1" name="Competencia testes">Competencia testes</stat>
</suite>
</statistics>
<errors>
</errors>
</robot>
