<?xml version="1.0" encoding="UTF-8"?>
<robot generator="Robot 7.0 (Python 3.12.1 on win32)" generated="2024-02-10T11:34:12.356502" rpa="false" schemaversion="5">
<suite id="s1" name="Colaborador testes" source="C:\Users\caiojo\Desktop\Estudos\IQS\IQS Teste_Automatizado_Front\Colaborador_testes.robot">
<test id="s1-t1" name="TC 12 Vincular competencia ao colaborador" line="89">
<kw name="Run Keywords" owner="BuiltIn" type="SETUP">
<kw name="Open Browser" owner="SeleniumLibrary">
<msg time="2024-02-10T11:34:12.489748" level="INFO">Opening browser 'chrome' to base url 'http://sistemas.t2mlab.com:3006/'.</msg>
<arg>url=${URL}</arg>
<arg>browser=${BROWSER}</arg>
<doc>Opens a new browser instance to the optional ``url``.</doc>
<status status="PASS" start="2024-02-10T11:34:12.488749" elapsed="1.782702"/>
</kw>
<kw name="Maximize Browser Window" owner="SeleniumLibrary">
<doc>Maximizes current browser window.</doc>
<status status="PASS" start="2024-02-10T11:34:14.271451" elapsed="0.133540"/>
</kw>
<arg>Open Browser</arg>
<arg>url=${URL}</arg>
<arg>browser=${BROWSER}</arg>
<arg>AND</arg>
<arg>Maximize Browser Window</arg>
<doc>Executes all the given keywords in a sequence.</doc>
<status status="PASS" start="2024-02-10T11:34:12.488749" elapsed="1.916242"/>
</kw>
<kw name="Realizar Login">
<kw name="Input Text" owner="SeleniumLibrary">
<msg time="2024-02-10T11:34:14.405998" level="INFO">Typing text 'SIFigueiredo' into text field 'xpath://input[@aria-label='Email']'.</msg>
<arg>${LOGIN_PAGE.EmailInput}</arg>
<arg>${GESTOR_VALIDO}</arg>
<doc>Types the given ``text`` into the text field identified by ``locator``.</doc>
<status status="PASS" start="2024-02-10T11:34:14.404991" elapsed="0.093304"/>
</kw>
<kw name="Input Text" owner="SeleniumLibrary">
<msg time="2024-02-10T11:34:14.498295" level="INFO">Typing text '123' into text field 'xpath://input[@aria-label='Senha']'.</msg>
<arg>${LOGIN_PAGE.SenhaInput}</arg>
<arg>${SENHA}</arg>
<doc>Types the given ``text`` into the text field identified by ``locator``.</doc>
<status status="PASS" start="2024-02-10T11:34:14.498295" elapsed="0.055256"/>
</kw>
<kw name="Click Element" owner="SeleniumLibrary">
<msg time="2024-02-10T11:34:14.553551" level="INFO">Clicking element 'xpath://button[@role='button']'.</msg>
<arg>${LOGIN_PAGE.BotãoLogin}</arg>
<doc>Click the element identified by ``locator``.</doc>
<status status="PASS" start="2024-02-10T11:34:14.553551" elapsed="0.036995"/>
</kw>
<kw name="Sleep" owner="BuiltIn">
<msg time="2024-02-10T11:34:15.590735" level="INFO">Slept 1 second.</msg>
<arg>1s</arg>
<doc>Pauses the test executed for the given time.</doc>
<status status="PASS" start="2024-02-10T11:34:14.590546" elapsed="1.000189"/>
</kw>
<kw name="Click Element" owner="SeleniumLibrary">
<msg time="2024-02-10T11:34:15.590735" level="INFO">Clicking element '//div[@class='container']/div[@class='row']/div[.='SCSistema de Competência']'.</msg>
<arg>${LOGIN_PAGE.BotãoCompetencia}</arg>
<doc>Click the element identified by ``locator``.</doc>
<status status="PASS" start="2024-02-10T11:34:15.590735" elapsed="0.040459"/>
</kw>
<status status="PASS" start="2024-02-10T11:34:14.404991" elapsed="1.226203"/>
</kw>
<kw name="Click Element" owner="SeleniumLibrary">
<msg time="2024-02-10T11:34:15.631194" level="INFO">Clicking element '//button[.='Colaborador']'.</msg>
<arg>//button[.='Colaborador']</arg>
<doc>Click the element identified by ``locator``.</doc>
<status status="PASS" start="2024-02-10T11:34:15.631194" elapsed="0.042127"/>
</kw>
<kw name="Wait Until Element Is Visible" owner="SeleniumLibrary">
<arg>//input[@class='form-control']</arg>
<doc>Waits until the element ``locator`` is visible.</doc>
<status status="PASS" start="2024-02-10T11:34:15.674329" elapsed="1.041275"/>
</kw>
<kw name="Input Text" owner="SeleniumLibrary">
<msg time="2024-02-10T11:34:16.715604" level="INFO">Typing text 'gestor' into text field '//input[@class='form-control']'.</msg>
<arg>//input[@class='form-control']</arg>
<arg>${COLABORADOR}</arg>
<doc>Types the given ``text`` into the text field identified by ``locator``.</doc>
<status status="PASS" start="2024-02-10T11:34:16.715604" elapsed="0.052200"/>
</kw>
<kw name="Wait Until Element Is Visible" owner="SeleniumLibrary">
<arg>css:svg:nth-of-type(2)</arg>
<doc>Waits until the element ``locator`` is visible.</doc>
<status status="PASS" start="2024-02-10T11:34:16.767804" elapsed="0.015507"/>
</kw>
<kw name="Click Element" owner="SeleniumLibrary">
<msg time="2024-02-10T11:34:16.784546" level="INFO">Clicking element 'css:svg:nth-of-type(2)'.</msg>
<arg>css:svg:nth-of-type(2)</arg>
<doc>Click the element identified by ``locator``.</doc>
<status status="PASS" start="2024-02-10T11:34:16.784546" elapsed="0.041013"/>
</kw>
<kw name="Wait Until Element Is Visible" owner="SeleniumLibrary">
<arg>//input[@class='form-control']</arg>
<doc>Waits until the element ``locator`` is visible.</doc>
<status status="PASS" start="2024-02-10T11:34:16.825559" elapsed="0.011019"/>
</kw>
<kw name="Click Element" owner="SeleniumLibrary">
<msg time="2024-02-10T11:34:16.836578" level="INFO">Clicking element '//button[@class='botao-default btn btn-var(--verde-primario)']'.</msg>
<arg>//button[@class='botao-default btn btn-var(--verde-primario)']</arg>
<doc>Click the element identified by ``locator``.</doc>
<status status="PASS" start="2024-02-10T11:34:16.836578" elapsed="0.042023"/>
</kw>
<kw name="Wait Until Element Is Visible" owner="SeleniumLibrary">
<arg>//input[@class='form-control']</arg>
<doc>Waits until the element ``locator`` is visible.</doc>
<status status="PASS" start="2024-02-10T11:34:16.878601" elapsed="0.012071"/>
</kw>
<kw name="Click Element" owner="SeleniumLibrary">
<msg time="2024-02-10T11:34:16.890672" level="INFO">Clicking element '//select[@class='select-per-page form-select']'.</msg>
<arg>//select[@class='select-per-page form-select']</arg>
<doc>Click the element identified by ``locator``.</doc>
<status status="PASS" start="2024-02-10T11:34:16.890672" elapsed="0.049220"/>
</kw>
<kw name="Wait Until Element Is Visible" owner="SeleniumLibrary">
<arg>//option[.='100']</arg>
<doc>Waits until the element ``locator`` is visible.</doc>
<status status="PASS" start="2024-02-10T11:34:16.939892" elapsed="0.014840"/>
</kw>
<kw name="Click Element" owner="SeleniumLibrary">
<msg time="2024-02-10T11:34:16.954732" level="INFO">Clicking element '//option[.='100']'.</msg>
<arg>//option[.='100']</arg>
<doc>Click the element identified by ``locator``.</doc>
<status status="PASS" start="2024-02-10T11:34:16.954732" elapsed="0.046217"/>
</kw>
<kw name="Input Text" owner="SeleniumLibrary">
<msg time="2024-02-10T11:34:17.001950" level="INFO">Typing text 'TesteAuto1234' into text field '//input[@class='form-control']'.</msg>
<arg>//input[@class='form-control']</arg>
<arg>${NOMETESTEREP}</arg>
<doc>Types the given ``text`` into the text field identified by ``locator``.</doc>
<status status="PASS" start="2024-02-10T11:34:17.001950" elapsed="0.111512"/>
</kw>
<kw name="Wait Until Element Is Visible" owner="SeleniumLibrary">
<arg>css:svg:nth-of-type(2)</arg>
<doc>Waits until the element ``locator`` is visible.</doc>
<status status="PASS" start="2024-02-10T11:34:17.113462" elapsed="0.009956"/>
</kw>
<kw name="Click Element" owner="SeleniumLibrary">
<msg time="2024-02-10T11:34:17.124423" level="INFO">Clicking element 'css:svg:nth-of-type(2)'.</msg>
<arg>css:svg:nth-of-type(2)</arg>
<doc>Click the element identified by ``locator``.</doc>
<status status="PASS" start="2024-02-10T11:34:17.124423" elapsed="0.028913"/>
</kw>
<kw name="Click Element" owner="SeleniumLibrary">
<msg time="2024-02-10T11:34:17.154344" level="INFO">Clicking element '//button[@class='botao-default btn btn-var(--verde-primario)']'.</msg>
<arg>//button[@class='botao-default btn btn-var(--verde-primario)']</arg>
<doc>Click the element identified by ``locator``.</doc>
<status status="PASS" start="2024-02-10T11:34:17.154344" elapsed="0.036383"/>
</kw>
<kw name="Wait Until Element Is Visible" owner="SeleniumLibrary">
<arg>//body[@class='modal-open']/div[6]//button[@class='botao-default btn btn-var(--verde-primario)']</arg>
<doc>Waits until the element ``locator`` is visible.</doc>
<status status="PASS" start="2024-02-10T11:34:17.190727" elapsed="0.024079"/>
</kw>
<kw name="Click Element" owner="SeleniumLibrary">
<msg time="2024-02-10T11:34:17.215814" level="INFO">Clicking element '//body[@class='modal-open']/div[6]//button[@class='botao-default btn btn-var(--verde-primario)']'.</msg>
<arg>//body[@class='modal-open']/div[6]//button[@class='botao-default btn btn-var(--verde-primario)']</arg>
<doc>Click the element identified by ``locator``.</doc>
<status status="PASS" start="2024-02-10T11:34:17.214806" elapsed="0.037027"/>
</kw>
<kw name="Wait Until Element Is Visible" owner="SeleniumLibrary">
<arg>//div[@class='Toastify__toast-body']/div[.='Competência vinculada com sucesso!']</arg>
<doc>Waits until the element ``locator`` is visible.</doc>
<status status="PASS" start="2024-02-10T11:34:17.251833" elapsed="0.437371"/>
</kw>
<kw name="Close Browser" owner="SeleniumLibrary" type="TEARDOWN">
<doc>Closes the current browser.</doc>
<status status="PASS" start="2024-02-10T11:34:17.689204" elapsed="2.075700"/>
</kw>
<tag>FLUXO-POSITIVO12</tag>
<status status="PASS" start="2024-02-10T11:34:12.487748" elapsed="7.277156"/>
</test>
<status status="PASS" start="2024-02-10T11:34:12.357501" elapsed="7.408403"/>
</suite>
<statistics>
<total>
<stat pass="1" fail="0" skip="0">All Tests</stat>
</total>
<tag>
<stat pass="1" fail="0" skip="0">FLUXO-POSITIVO12</stat>
</tag>
<suite>
<stat pass="1" fail="0" skip="0" id="s1" name="Colaborador testes">Colaborador testes</stat>
</suite>
</statistics>
<errors>
</errors>
</robot>
