<?xml version="1.0" encoding="UTF-8"?>
<robot generator="Robot 7.0 (Python 3.12.1 on win32)" generated="2024-02-11T14:01:29.852840" rpa="false" schemaversion="5">
<suite id="s1" name="Empresa testes" source="C:\Users\caiojo\Desktop\Estudos\IQS\IQS Teste_Automatizado_Front\Empresa_testes.robot">
<test id="s1-t1" name="TC 24 Cadastrar empresa" line="131">
<kw name="Run Keywords" owner="BuiltIn" type="SETUP">
<kw name="Open Browser" owner="SeleniumLibrary">
<msg time="2024-02-11T14:01:30.321494" level="INFO">Opening browser 'chrome' to base url 'http://sistemas.t2mlab.com:3006/'.</msg>
<arg>url=${URL}</arg>
<arg>browser=${BROWSER}</arg>
<doc>Opens a new browser instance to the optional ``url``.</doc>
<status status="PASS" start="2024-02-11T14:01:30.320988" elapsed="1.498712"/>
</kw>
<kw name="Maximize Browser Window" owner="SeleniumLibrary">
<doc>Maximizes current browser window.</doc>
<status status="PASS" start="2024-02-11T14:01:31.819700" elapsed="0.140037"/>
</kw>
<arg>Open Browser</arg>
<arg>url=${URL}</arg>
<arg>browser=${BROWSER}</arg>
<arg>AND</arg>
<arg>Maximize Browser Window</arg>
<doc>Executes all the given keywords in a sequence.</doc>
<status status="PASS" start="2024-02-11T14:01:30.320988" elapsed="1.638749"/>
</kw>
<kw name="Realizar Login">
<kw name="Input Text" owner="SeleniumLibrary">
<msg time="2024-02-11T14:01:31.961245" level="INFO">Typing text 'SIFigueiredo' into text field 'xpath://input[@aria-label='Email']'.</msg>
<arg>${LOGIN_PAGE.EmailInput}</arg>
<arg>${GESTOR_VALIDO}</arg>
<doc>Types the given ``text`` into the text field identified by ``locator``.</doc>
<status status="PASS" start="2024-02-11T14:01:31.959737" elapsed="0.108252"/>
</kw>
<kw name="Input Text" owner="SeleniumLibrary">
<msg time="2024-02-11T14:01:32.068991" level="INFO">Typing text '123' into text field 'xpath://input[@aria-label='Senha']'.</msg>
<arg>${LOGIN_PAGE.SenhaInput}</arg>
<arg>${SENHA}</arg>
<doc>Types the given ``text`` into the text field identified by ``locator``.</doc>
<status status="PASS" start="2024-02-11T14:01:32.068991" elapsed="0.067876"/>
</kw>
<kw name="Click Element" owner="SeleniumLibrary">
<msg time="2024-02-11T14:01:32.136867" level="INFO">Clicking element 'xpath://button[@role='button']'.</msg>
<arg>${LOGIN_PAGE.BotãoLogin}</arg>
<doc>Click the element identified by ``locator``.</doc>
<status status="PASS" start="2024-02-11T14:01:32.136867" elapsed="0.042848"/>
</kw>
<kw name="Sleep" owner="BuiltIn">
<msg time="2024-02-11T14:01:33.179896" level="INFO">Slept 1 second.</msg>
<arg>1s</arg>
<doc>Pauses the test executed for the given time.</doc>
<status status="PASS" start="2024-02-11T14:01:32.179715" elapsed="1.000181"/>
</kw>
<kw name="Click Element" owner="SeleniumLibrary">
<msg time="2024-02-11T14:01:33.179896" level="INFO">Clicking element '//div[@class='container']/div[@class='row']/div[.='SCSistema de Competência']'.</msg>
<arg>${LOGIN_PAGE.BotãoCompetencia}</arg>
<doc>Click the element identified by ``locator``.</doc>
<status status="PASS" start="2024-02-11T14:01:33.179896" elapsed="0.043930"/>
</kw>
<status status="PASS" start="2024-02-11T14:01:31.959737" elapsed="1.264089"/>
</kw>
<kw name="Click Element" owner="SeleniumLibrary">
<msg time="2024-02-11T14:01:33.223826" level="INFO">Clicking element '//button[.='Empresa']'.</msg>
<arg>//button[.='Empresa']</arg>
<doc>Click the element identified by ``locator``.</doc>
<status status="PASS" start="2024-02-11T14:01:33.223826" elapsed="0.046362"/>
</kw>
<kw name="Wait Until Element Is Visible" owner="SeleniumLibrary">
<arg>//button[.='Cadastrar Empresa']</arg>
<doc>Waits until the element ``locator`` is visible.</doc>
<status status="PASS" start="2024-02-11T14:01:33.271188" elapsed="0.017953"/>
</kw>
<kw name="Click Element" owner="SeleniumLibrary">
<msg time="2024-02-11T14:01:33.290141" level="INFO">Clicking element '//button[.='Cadastrar Empresa']'.</msg>
<arg>//button[.='Cadastrar Empresa']</arg>
<doc>Click the element identified by ``locator``.</doc>
<status status="PASS" start="2024-02-11T14:01:33.290141" elapsed="0.046289"/>
</kw>
<kw name="Wait Until Element Is Visible" owner="SeleniumLibrary">
<arg>//span[.='Selecione o nome da empresa e suas informações']</arg>
<doc>Waits until the element ``locator`` is visible.</doc>
<status status="PASS" start="2024-02-11T14:01:33.336430" elapsed="0.021281"/>
</kw>
<kw name="Gerar nome da empresa">
<kw name="Get Current Date" owner="DateTime">
<msg time="2024-02-11T14:01:33.358712" level="INFO">${data} = 11/02/2024 14:01:33</msg>
<var>${data}</var>
<arg>result_format=%d/%m/%Y %H:%M:%S</arg>
<doc>Returns current local or UTC time with an optional increment.</doc>
<status status="PASS" start="2024-02-11T14:01:33.358712" elapsed="0.000998"/>
</kw>
<kw name="Set Variable" owner="BuiltIn">
<msg time="2024-02-11T14:01:33.359710" level="INFO">${NOMEEMPRESA} = Empresa 11/02/2024 14:01:33</msg>
<var>${NOMEEMPRESA}</var>
<arg>Empresa ${data}</arg>
<doc>Returns the given values which can then be assigned to a variables.</doc>
<status status="PASS" start="2024-02-11T14:01:33.359710" elapsed="0.000000"/>
</kw>
<kw name="Set Variable" owner="BuiltIn">
<msg time="2024-02-11T14:01:33.359710" level="INFO">${SETOREMPRESA} = Setor 11/02/2024 14:01:33</msg>
<var>${SETOREMPRESA}</var>
<arg>Setor ${data}</arg>
<doc>Returns the given values which can then be assigned to a variables.</doc>
<status status="PASS" start="2024-02-11T14:01:33.359710" elapsed="0.000000"/>
</kw>
<kw name="Cnpj" owner="FakerLibrary">
<msg time="2024-02-11T14:01:33.359710" level="INFO">${CNPJEMPRESA} = 94.058.617/0001-01</msg>
<var>${CNPJEMPRESA}</var>
<status status="PASS" start="2024-02-11T14:01:33.359710" elapsed="0.000000"/>
</kw>
<kw name="State" owner="FakerLibrary">
<msg time="2024-02-11T14:01:33.359710" level="INFO">${Estado} = Maranhão</msg>
<var>${Estado}</var>
<status status="PASS" start="2024-02-11T14:01:33.359710" elapsed="0.000000"/>
</kw>
<kw name="City" owner="FakerLibrary">
<msg time="2024-02-11T14:01:33.359710" level="INFO">${Cidade} = Novaes</msg>
<var>${Cidade}</var>
<doc>:example: 'Sashabury'</doc>
<status status="PASS" start="2024-02-11T14:01:33.359710" elapsed="0.000000"/>
</kw>
<kw name="Postcode" owner="FakerLibrary">
<msg time="2024-02-11T14:01:33.359710" level="INFO">${CEP} = 16941372</msg>
<var>${CEP}</var>
<doc>Randomly returns a postcode.
:param formatted: True to allow formatted postcodes, else False (default True)
:example formatted: '41224-212' '83992-291' '12324322'
:example raw: '43920231' '34239530'</doc>
<status status="PASS" start="2024-02-11T14:01:33.359710" elapsed="0.001506"/>
</kw>
<kw name="Set Variable" owner="BuiltIn">
<msg time="2024-02-11T14:01:33.361216" level="INFO">${ENDERECOEMPRESA} = Maranhão, Novaes - 16941372</msg>
<var>${ENDERECOEMPRESA}</var>
<arg>${Estado}, ${Cidade} - ${CEP}</arg>
<doc>Returns the given values which can then be assigned to a variables.</doc>
<status status="PASS" start="2024-02-11T14:01:33.361216" elapsed="0.000000"/>
</kw>
<kw name="Set Test Variable" owner="BuiltIn">
<msg time="2024-02-11T14:01:33.361216" level="INFO">${NOMEEMPRESA} = Empresa 11/02/2024 14:01:33</msg>
<arg>${NOMEEMPRESA}</arg>
<doc>Makes a variable available everywhere within the scope of the current test.</doc>
<status status="PASS" start="2024-02-11T14:01:33.361216" elapsed="0.000000"/>
</kw>
<kw name="Set Test Variable" owner="BuiltIn">
<msg time="2024-02-11T14:01:33.361216" level="INFO">${SETOREMPRESA} = Setor 11/02/2024 14:01:33</msg>
<arg>${SETOREMPRESA}</arg>
<doc>Makes a variable available everywhere within the scope of the current test.</doc>
<status status="PASS" start="2024-02-11T14:01:33.361216" elapsed="0.001007"/>
</kw>
<kw name="Set Test Variable" owner="BuiltIn">
<msg time="2024-02-11T14:01:33.362223" level="INFO">${CNPJEMPRESA} = 94.058.617/0001-01</msg>
<arg>${CNPJEMPRESA}</arg>
<doc>Makes a variable available everywhere within the scope of the current test.</doc>
<status status="PASS" start="2024-02-11T14:01:33.362223" elapsed="0.000000"/>
</kw>
<kw name="Set Test Variable" owner="BuiltIn">
<msg time="2024-02-11T14:01:33.362223" level="INFO">${ENDERECOEMPRESA} = Maranhão, Novaes - 16941372</msg>
<arg>${ENDERECOEMPRESA}</arg>
<doc>Makes a variable available everywhere within the scope of the current test.</doc>
<status status="PASS" start="2024-02-11T14:01:33.362223" elapsed="0.001000"/>
</kw>
<status status="PASS" start="2024-02-11T14:01:33.358712" elapsed="0.004511"/>
</kw>
<kw name="Sleep" owner="BuiltIn">
<msg time="2024-02-11T14:01:34.363731" level="INFO">Slept 1 second.</msg>
<arg>1s</arg>
<doc>Pauses the test executed for the given time.</doc>
<status status="PASS" start="2024-02-11T14:01:33.363223" elapsed="1.000508"/>
</kw>
<kw name="Input Text" owner="SeleniumLibrary">
<msg time="2024-02-11T14:01:34.363731" level="INFO">Typing text 'Empresa 11/02/2024 14:01:33' into text field '//div[@class='container']/div[1]/div[1]//input[@id='formBasicEmail']'.</msg>
<arg>//div[@class='container']/div[1]/div[1]//input[@id='formBasicEmail']</arg>
<arg>${NOMEEMPRESA}</arg>
<doc>Types the given ``text`` into the text field identified by ``locator``.</doc>
<status status="PASS" start="2024-02-11T14:01:34.363731" elapsed="0.148061"/>
</kw>
<kw name="Input Text" owner="SeleniumLibrary">
<msg time="2024-02-11T14:01:34.512792" level="INFO">Typing text '94.058.617/0001-01' into text field '//div[@class='container']/div[@class='row']/div[2]//input[@id='formBasicEmail']'.</msg>
<arg>//div[@class='container']/div[@class='row']/div[2]//input[@id='formBasicEmail']</arg>
<arg>${CNPJEMPRESA}</arg>
<doc>Types the given ``text`` into the text field identified by ``locator``.</doc>
<status status="PASS" start="2024-02-11T14:01:34.512792" elapsed="0.108165"/>
</kw>
<kw name="Input Text" owner="SeleniumLibrary">
<msg time="2024-02-11T14:01:34.620957" level="INFO">Typing text '99999999999' into text field '//div[@class='container']//div[3]//input[@id='formBasicEmail']'.</msg>
<arg>//div[@class='container']//div[3]//input[@id='formBasicEmail']</arg>
<arg>${TELEEMPRESA}</arg>
<doc>Types the given ``text`` into the text field identified by ``locator``.</doc>
<status status="PASS" start="2024-02-11T14:01:34.620957" elapsed="0.095036"/>
</kw>
<kw name="Input Text" owner="SeleniumLibrary">
<msg time="2024-02-11T14:01:34.715993" level="INFO">Typing text 'Setor 11/02/2024 14:01:33' into text field '//div[@class='container']/div[2]//input[@id='formBasicEmail']'.</msg>
<arg>//div[@class='container']/div[2]//input[@id='formBasicEmail']</arg>
<arg>${SETOREMPRESA}</arg>
<doc>Types the given ``text`` into the text field identified by ``locator``.</doc>
<status status="PASS" start="2024-02-11T14:01:34.715993" elapsed="0.132846"/>
</kw>
<kw name="Input Text" owner="SeleniumLibrary">
<msg time="2024-02-11T14:01:34.848839" level="INFO">Typing text 'Maranhão, Novaes - 16941372' into text field '//textarea[@id='formBasicEmail']'.</msg>
<arg>//textarea[@id='formBasicEmail']</arg>
<arg>${ENDERECOEMPRESA}</arg>
<doc>Types the given ``text`` into the text field identified by ``locator``.</doc>
<status status="PASS" start="2024-02-11T14:01:34.848839" elapsed="0.134360"/>
</kw>
<kw name="Click Element" owner="SeleniumLibrary">
<msg time="2024-02-11T14:01:34.984200" level="INFO">Clicking element '//button[@class='botao-default btn btn-var(--verde-primario)']'.</msg>
<arg>//button[@class='botao-default btn btn-var(--verde-primario)']</arg>
<doc>Click the element identified by ``locator``.</doc>
<status status="PASS" start="2024-02-11T14:01:34.983199" elapsed="0.046441"/>
</kw>
<kw name="Wait Until Element Is Visible" owner="SeleniumLibrary">
<arg>//div[@class='sc-aXZVg hDPZGJ']/button[@class='botao-default btn btn-var(--verde-primario)']</arg>
<doc>Waits until the element ``locator`` is visible.</doc>
<status status="PASS" start="2024-02-11T14:01:35.031147" elapsed="0.017158"/>
</kw>
<kw name="Click Element" owner="SeleniumLibrary">
<msg time="2024-02-11T14:01:35.049308" level="INFO">Clicking element '//div[@class='sc-aXZVg hDPZGJ']/button[@class='botao-default btn btn-var(--verde-primario)']'.</msg>
<arg>//div[@class='sc-aXZVg hDPZGJ']/button[@class='botao-default btn btn-var(--verde-primario)']</arg>
<doc>Click the element identified by ``locator``.</doc>
<status status="PASS" start="2024-02-11T14:01:35.048305" elapsed="0.033821"/>
</kw>
<kw name="Wait Until Element Is Visible" owner="SeleniumLibrary">
<arg>//div[@class='Toastify__toast-body']/div[.='Empresa cadastrada com sucesso!']</arg>
<doc>Waits until the element ``locator`` is visible.</doc>
<status status="PASS" start="2024-02-11T14:01:35.082126" elapsed="0.434989"/>
</kw>
<kw name="Click Element" owner="SeleniumLibrary">
<msg time="2024-02-11T14:01:35.518114" level="INFO">Clicking element '//select[@class='select-per-page form-select']'.</msg>
<arg>//select[@class='select-per-page form-select']</arg>
<doc>Click the element identified by ``locator``.</doc>
<status status="PASS" start="2024-02-11T14:01:35.518114" elapsed="0.056667"/>
</kw>
<kw name="Wait Until Element Is Visible" owner="SeleniumLibrary">
<arg>//option[.='100']</arg>
<doc>Waits until the element ``locator`` is visible.</doc>
<status status="PASS" start="2024-02-11T14:01:35.575782" elapsed="0.026118"/>
</kw>
<kw name="Click Element" owner="SeleniumLibrary">
<msg time="2024-02-11T14:01:35.601900" level="INFO">Clicking element '//option[.='100']'.</msg>
<arg>//option[.='100']</arg>
<doc>Click the element identified by ``locator``.</doc>
<status status="PASS" start="2024-02-11T14:01:35.601900" elapsed="0.054232"/>
</kw>
<kw name="Input Text" owner="SeleniumLibrary">
<msg time="2024-02-11T14:01:35.657135" level="INFO">Typing text 'ServiçoAuto1234' into text field '//input[@class='form-control']'.</msg>
<arg>//input[@class='form-control']</arg>
<arg>${NOMESERVICOREP}</arg>
<doc>Types the given ``text`` into the text field identified by ``locator``.</doc>
<status status="PASS" start="2024-02-11T14:01:35.656132" elapsed="0.129838"/>
</kw>
<kw name="Wait Until Element Is Visible" owner="SeleniumLibrary">
<arg>css:[color='var(--preto-primario)']</arg>
<doc>Waits until the element ``locator`` is visible.</doc>
<status status="PASS" start="2024-02-11T14:01:35.785970" elapsed="0.018694"/>
</kw>
<kw name="Click Element" owner="SeleniumLibrary">
<msg time="2024-02-11T14:01:35.805664" level="INFO">Clicking element 'css:[color='var(--preto-primario)']'.</msg>
<arg>css:[color='var(--preto-primario)']</arg>
<doc>Click the element identified by ``locator``.</doc>
<status status="PASS" start="2024-02-11T14:01:35.804664" elapsed="0.034096"/>
</kw>
<kw name="Click Element" owner="SeleniumLibrary">
<msg time="2024-02-11T14:01:35.839758" level="INFO">Clicking element '//button[@class='botao-default btn btn-var(--verde-primario)']'.</msg>
<arg>//button[@class='botao-default btn btn-var(--verde-primario)']</arg>
<doc>Click the element identified by ``locator``.</doc>
<status status="PASS" start="2024-02-11T14:01:35.838760" elapsed="0.034371"/>
</kw>
<kw name="Wait Until Element Is Visible" owner="SeleniumLibrary">
<arg>//button[.='Confirmar']</arg>
<doc>Waits until the element ``locator`` is visible.</doc>
<status status="PASS" start="2024-02-11T14:01:35.873131" elapsed="0.020287"/>
</kw>
<kw name="Click Element" owner="SeleniumLibrary">
<msg time="2024-02-11T14:01:35.893418" level="INFO">Clicking element '//button[.='Confirmar']'.</msg>
<arg>//button[.='Confirmar']</arg>
<doc>Click the element identified by ``locator``.</doc>
<status status="PASS" start="2024-02-11T14:01:35.893418" elapsed="0.034986"/>
</kw>
<kw name="Wait Until Element Is Visible" owner="SeleniumLibrary">
<arg>//div[@class='Toastify__toast-body']/div[.='Serviço vinculado com sucesso!']</arg>
<doc>Waits until the element ``locator`` is visible.</doc>
<status status="PASS" start="2024-02-11T14:01:35.928404" elapsed="0.438665"/>
</kw>
<kw name="Sleep" owner="BuiltIn">
<msg time="2024-02-11T14:01:46.367514" level="INFO">Slept 10 seconds.</msg>
<arg>10s</arg>
<doc>Pauses the test executed for the given time.</doc>
<status status="PASS" start="2024-02-11T14:01:36.367069" elapsed="10.000445"/>
</kw>
<kw name="Close Browser" owner="SeleniumLibrary" type="TEARDOWN">
<doc>Closes the current browser.</doc>
<status status="PASS" start="2024-02-11T14:01:46.367514" elapsed="2.084067"/>
</kw>
<tag>FLUXO-POSITIVO24</tag>
<status status="PASS" start="2024-02-11T14:01:30.318985" elapsed="18.132596"/>
</test>
<status status="PASS" start="2024-02-11T14:01:29.853841" elapsed="18.598747"/>
</suite>
<statistics>
<total>
<stat pass="1" fail="0" skip="0">All Tests</stat>
</total>
<tag>
<stat pass="1" fail="0" skip="0">FLUXO-POSITIVO24</stat>
</tag>
<suite>
<stat pass="1" fail="0" skip="0" id="s1" name="Empresa testes">Empresa testes</stat>
</suite>
</statistics>
<errors>
</errors>
</robot>
